Running:
src/main.py --output_dir ../../output/regression/transformer --comment finetune for regression --name LiveFuelMoistureContent_finetuned --records_file Regression_records.xls --data_dir ../../data/LiveFuelMoistureContent --data_class tsra --pattern TRAIN --val_pattern TEST --epochs 10 --lr 0.001 --optimizer RAdam --pos_encoding learnable --d_model 64 --load_model ../../output/regression/transformer/LiveFuelMoistureContent_pretrained_2023-02-07_19-38-13_cUC/checkpoints/model_best.pth --task regression --change_output --batch_size 128

Using device: cpu
Loading and preprocessing data ...
3493 samples may be used for training
1510 samples will be used for validation
0 samples will be used for testing
Creating model ...
Model:
TSTransformerEncoderClassiregressor(
  (project_inp): Linear(in_features=7, out_features=64, bias=True)
  (pos_enc): LearnablePositionalEncoding(
    (dropout): Dropout(p=0.1, inplace=False)
  )
  (transformer_encoder): TransformerEncoder(
    (layers): ModuleList(
      (0): TransformerBatchNormEncoderLayer(
        (self_attn): MultiheadAttention(
          (out_proj): NonDynamicallyQuantizableLinear(in_features=64, out_features=64, bias=True)
        )
        (linear1): Linear(in_features=64, out_features=256, bias=True)
        (dropout): Dropout(p=0.1, inplace=False)
        (linear2): Linear(in_features=256, out_features=64, bias=True)
        (norm1): BatchNorm1d(64, eps=1e-05, momentum=0.1, affine=True, track_running_stats=True)
        (norm2): BatchNorm1d(64, eps=1e-05, momentum=0.1, affine=True, track_running_stats=True)
        (dropout1): Dropout(p=0.1, inplace=False)
        (dropout2): Dropout(p=0.1, inplace=False)
      )
      (1): TransformerBatchNormEncoderLayer(
        (self_attn): MultiheadAttention(
          (out_proj): NonDynamicallyQuantizableLinear(in_features=64, out_features=64, bias=True)
        )
        (linear1): Linear(in_features=64, out_features=256, bias=True)
        (dropout): Dropout(p=0.1, inplace=False)
        (linear2): Linear(in_features=256, out_features=64, bias=True)
        (norm1): BatchNorm1d(64, eps=1e-05, momentum=0.1, affine=True, track_running_stats=True)
        (norm2): BatchNorm1d(64, eps=1e-05, momentum=0.1, affine=True, track_running_stats=True)
        (dropout1): Dropout(p=0.1, inplace=False)
        (dropout2): Dropout(p=0.1, inplace=False)
      )
      (2): TransformerBatchNormEncoderLayer(
        (self_attn): MultiheadAttention(
          (out_proj): NonDynamicallyQuantizableLinear(in_features=64, out_features=64, bias=True)
        )
        (linear1): Linear(in_features=64, out_features=256, bias=True)
        (dropout): Dropout(p=0.1, inplace=False)
        (linear2): Linear(in_features=256, out_features=64, bias=True)
        (norm1): BatchNorm1d(64, eps=1e-05, momentum=0.1, affine=True, track_running_stats=True)
        (norm2): BatchNorm1d(64, eps=1e-05, momentum=0.1, affine=True, track_running_stats=True)
        (dropout1): Dropout(p=0.1, inplace=False)
        (dropout2): Dropout(p=0.1, inplace=False)
      )
    )
  )
  (dropout1): Dropout(p=0.1, inplace=False)
  (output_layer): Linear(in_features=23360, out_features=1, bias=True)
)
Total number of parameters: 197185
Trainable parameters: 197185
Evaluating on validation set ...
Validation runtime: 0.0 hours, 0.0 minutes, 55.546886920928955 seconds

Avg val. time: 0.0 hours, 0.0 minutes, 55.546886920928955 seconds
Avg batch val. time: 4.6289072434107466 seconds
Avg sample val. time: 0.03678601782842977 seconds
Epoch 0 Validation Summary: epoch: 0.000000 | loss: 15564.388742 | 
Starting training...
Epoch 1 Training Summary: epoch: 1.000000 | loss: 14667.775945 | 
Epoch runtime: 0.0 hours, 13.0 minutes, 7.416990041732788 seconds

Avg epoch train. time: 0.0 hours, 13.0 minutes, 7.416990041732788 seconds
Avg batch train. time: 28.122035358633315 seconds
Avg sample train. time: 0.22542713714335322 seconds
Evaluating on validation set ...
Validation runtime: 0.0 hours, 1.0 minutes, 1.094208002090454 seconds

Avg val. time: 0.0 hours, 0.0 minutes, 58.320547461509705 seconds
Avg batch val. time: 4.860045621792476 seconds
Avg sample val. time: 0.03862287911358259 seconds
Epoch 1 Validation Summary: epoch: 1.000000 | loss: 13331.013742 | 
Epoch 2 Training Summary: epoch: 2.000000 | loss: 10972.543865 | 
Epoch runtime: 0.0 hours, 12.0 minutes, 38.427491903305054 seconds

Avg epoch train. time: 0.0 hours, 12.0 minutes, 52.92224097251892 seconds
Avg batch train. time: 27.604365749018534 seconds
Avg sample train. time: 0.2212774809540564 seconds
Evaluating on validation set ...
Validation runtime: 0.0 hours, 0.0 minutes, 52.077064037323 seconds

Avg val. time: 0.0 hours, 0.0 minutes, 56.239386320114136 seconds
Avg batch val. time: 4.686615526676178 seconds
Avg sample val. time: 0.03724462670206234 seconds
Epoch 2 Validation Summary: epoch: 2.000000 | loss: 8095.520281 | 
Epoch 3 Training Summary: epoch: 3.000000 | loss: 5839.036140 | 
Epoch runtime: 0.0 hours, 12.0 minutes, 11.696784973144531 seconds

Avg epoch train. time: 0.0 hours, 12.0 minutes, 39.18042230606079 seconds
Avg batch train. time: 27.11358651093074 seconds
Avg sample train. time: 0.21734337884513621 seconds
Epoch 4 Training Summary: epoch: 4.000000 | loss: 2239.871672 | 
Epoch runtime: 0.0 hours, 10.0 minutes, 3.5641369819641113 seconds

Avg epoch train. time: 0.0 hours, 12.0 minutes, 0.2763509750366211 seconds
Avg batch train. time: 25.724155391965592 seconds
Avg sample train. time: 0.20620565444461397 seconds
Evaluating on validation set ...
Validation runtime: 0.0 hours, 0.0 minutes, 46.6963050365448 seconds

Avg val. time: 0.0 hours, 0.0 minutes, 53.8536159992218 seconds
Avg batch val. time: 4.487801333268483 seconds
Avg sample val. time: 0.03566464635710053 seconds
Epoch 4 Validation Summary: epoch: 4.000000 | loss: 1880.146151 | 
Epoch 5 Training Summary: epoch: 5.000000 | loss: 1652.696039 | 
Epoch runtime: 0.0 hours, 9.0 minutes, 43.95507526397705 seconds

Avg epoch train. time: 0.0 hours, 11.0 minutes, 33.012095832824684 seconds
Avg batch train. time: 24.75043199402945 seconds
Avg sample train. time: 0.19840025646516596 seconds
Epoch 6 Training Summary: epoch: 6.000000 | loss: 1630.276447 | 
Epoch runtime: 0.0 hours, 9.0 minutes, 13.923732995986938 seconds

Avg epoch train. time: 0.0 hours, 11.0 minutes, 9.830702026685117 seconds
Avg batch train. time: 23.92252507238161 seconds
Avg sample train. time: 0.19176372803512315 seconds
Evaluating on validation set ...
Validation runtime: 0.0 hours, 0.0 minutes, 44.70858907699585 seconds

Avg val. time: 0.0 hours, 0.0 minutes, 52.02461061477661 seconds
Avg batch val. time: 4.335384217898051 seconds
Avg sample val. time: 0.034453384513097096 seconds
Epoch 6 Validation Summary: epoch: 6.000000 | loss: 1808.311155 | 
Epoch 7 Training Summary: epoch: 7.000000 | loss: 1633.978549 | 
Epoch runtime: 0.0 hours, 9.0 minutes, 33.0895881652832 seconds

Avg epoch train. time: 0.0 hours, 10.0 minutes, 56.01054290362765 seconds
Avg batch train. time: 23.428947960843846 seconds
Avg sample train. time: 0.1878071980829166 seconds
Epoch 8 Training Summary: epoch: 8.000000 | loss: 1625.322068 | 
Epoch runtime: 0.0 hours, 9.0 minutes, 31.707367181777954 seconds

Avg epoch train. time: 0.0 hours, 10.0 minutes, 45.472645938396454 seconds
Avg batch train. time: 23.052594497799873 seconds
Avg sample train. time: 0.1847903366557104 seconds
Evaluating on validation set ...
Validation runtime: 0.0 hours, 0.0 minutes, 46.22037196159363 seconds

Avg val. time: 0.0 hours, 0.0 minutes, 51.05723750591278 seconds
Avg batch val. time: 4.254769792159398 seconds
Avg sample val. time: 0.033812740070140915 seconds
Epoch 8 Validation Summary: epoch: 8.000000 | loss: 2000.295680 | 
Epoch 9 Training Summary: epoch: 9.000000 | loss: 1599.292048 | 
Epoch runtime: 0.0 hours, 9.0 minutes, 29.120803117752075 seconds

Avg epoch train. time: 0.0 hours, 10.0 minutes, 36.989107847213745 seconds
Avg batch train. time: 22.74961099454335 seconds
Avg sample train. time: 0.1823616111787042 seconds
Epoch 10 Training Summary: epoch: 10.000000 | loss: 1578.478004 | 
Epoch runtime: 0.0 hours, 10.0 minutes, 50.867156982421875 seconds

Avg epoch train. time: 0.0 hours, 10.0 minutes, 38.37691276073451 seconds
Avg batch train. time: 22.799175455740517 seconds
Avg sample train. time: 0.18275892148890194 seconds
Evaluating on validation set ...
Validation runtime: 0.0 hours, 0.0 minutes, 51.90220403671265 seconds

Avg val. time: 0.0 hours, 0.0 minutes, 51.177947010312764 seconds
Avg batch val. time: 4.264828917526064 seconds
Avg sample val. time: 0.03389268013927998 seconds
Epoch 10 Validation Summary: epoch: 10.000000 | loss: 1998.598306 | 
Best loss was 1808.3111548013244. Other metrics: OrderedDict([('epoch', 6), ('loss', 1808.3111548013244)])
All Done!
Total runtime: 1.0 hours, 53.0 minutes, 3.395081043243408 seconds

