Running:
mvts_transformer/src/main.py --output_dir output/experiment --comment regression from Scratch --name LiveFuelMoistureContent_baseline_2_75_fromScratch_Regression --records_file Regression_records.xls --data_dir data/LiveFuelMoistureContent --data_class tsra --pattern TRAIN --val_pattern TEST --epochs 100 --lr 0.001 --optimizer RAdam --pos_encoding learnable --task regression

Using device: cuda
Loading and preprocessing data ...
3493 samples may be used for training
1510 samples will be used for validation
0 samples will be used for testing
Creating model ...
Model:
TSTransformerEncoderClassiregressor(
  (project_inp): Linear(in_features=7, out_features=64, bias=True)
  (pos_enc): LearnablePositionalEncoding(
    (dropout): Dropout(p=0.1, inplace=False)
  )
  (transformer_encoder): TransformerEncoder(
    (layers): ModuleList(
      (0): TransformerBatchNormEncoderLayer(
        (self_attn): MultiheadAttention(
          (out_proj): NonDynamicallyQuantizableLinear(in_features=64, out_features=64, bias=True)
        )
        (linear1): Linear(in_features=64, out_features=256, bias=True)
        (dropout): Dropout(p=0.1, inplace=False)
        (linear2): Linear(in_features=256, out_features=64, bias=True)
        (norm1): BatchNorm1d(64, eps=1e-05, momentum=0.1, affine=True, track_running_stats=True)
        (norm2): BatchNorm1d(64, eps=1e-05, momentum=0.1, affine=True, track_running_stats=True)
        (dropout1): Dropout(p=0.1, inplace=False)
        (dropout2): Dropout(p=0.1, inplace=False)
      )
      (1): TransformerBatchNormEncoderLayer(
        (self_attn): MultiheadAttention(
          (out_proj): NonDynamicallyQuantizableLinear(in_features=64, out_features=64, bias=True)
        )
        (linear1): Linear(in_features=64, out_features=256, bias=True)
        (dropout): Dropout(p=0.1, inplace=False)
        (linear2): Linear(in_features=256, out_features=64, bias=True)
        (norm1): BatchNorm1d(64, eps=1e-05, momentum=0.1, affine=True, track_running_stats=True)
        (norm2): BatchNorm1d(64, eps=1e-05, momentum=0.1, affine=True, track_running_stats=True)
        (dropout1): Dropout(p=0.1, inplace=False)
        (dropout2): Dropout(p=0.1, inplace=False)
      )
      (2): TransformerBatchNormEncoderLayer(
        (self_attn): MultiheadAttention(
          (out_proj): NonDynamicallyQuantizableLinear(in_features=64, out_features=64, bias=True)
        )
        (linear1): Linear(in_features=64, out_features=256, bias=True)
        (dropout): Dropout(p=0.1, inplace=False)
        (linear2): Linear(in_features=256, out_features=64, bias=True)
        (norm1): BatchNorm1d(64, eps=1e-05, momentum=0.1, affine=True, track_running_stats=True)
        (norm2): BatchNorm1d(64, eps=1e-05, momentum=0.1, affine=True, track_running_stats=True)
        (dropout1): Dropout(p=0.1, inplace=False)
        (dropout2): Dropout(p=0.1, inplace=False)
      )
    )
  )
  (dropout1): Dropout(p=0.1, inplace=False)
  (output_layer): Linear(in_features=23360, out_features=1, bias=True)
)
Total number of parameters: 197185
Trainable parameters: 197185
Evaluating on validation set ...
Validation runtime: 0.0 hours, 0.0 minutes, 1.0972282886505127 seconds

Avg val. time: 0.0 hours, 0.0 minutes, 1.0972282886505127 seconds
Avg batch val. time: 0.04571784536043803 seconds
Avg sample val. time: 0.0007266412507619289 seconds
Epoch 0 Validation Summary: epoch: 0.000000 | loss: 14996.422123 | 
Starting training...
Epoch 1 Training Summary: epoch: 1.000000 | loss: 13206.778754 | 
Epoch runtime: 0.0 hours, 0.0 minutes, 2.57443904876709 seconds

Avg epoch train. time: 0.0 hours, 0.0 minutes, 2.57443904876709 seconds
Avg batch train. time: 0.04680798270485618 seconds
Avg sample train. time: 0.0007370280700736015 seconds
Evaluating on validation set ...
Validation runtime: 0.0 hours, 0.0 minutes, 0.5069372653961182 seconds

Avg val. time: 0.0 hours, 0.0 minutes, 0.8020827770233154 seconds
Avg batch val. time: 0.03342011570930481 seconds
Avg sample val. time: 0.0005311806470353083 seconds
Epoch 1 Validation Summary: epoch: 1.000000 | loss: 10395.802276 | 
Epoch 2 Training Summary: epoch: 2.000000 | loss: 5028.344707 | 
Epoch runtime: 0.0 hours, 0.0 minutes, 2.4827535152435303 seconds

Avg epoch train. time: 0.0 hours, 0.0 minutes, 2.52859628200531 seconds
Avg batch train. time: 0.045974477854642 seconds
Avg sample train. time: 0.0007239038883496451 seconds
Evaluating on validation set ...
Validation runtime: 0.0 hours, 0.0 minutes, 0.5064826011657715 seconds

Avg val. time: 0.0 hours, 0.0 minutes, 0.7035493850708008 seconds
Avg batch val. time: 0.029314557711283367 seconds
Avg sample val. time: 0.00046592674508000054 seconds
Epoch 2 Validation Summary: epoch: 2.000000 | loss: 4060.661522 | 
Epoch 3 Training Summary: epoch: 3.000000 | loss: 1824.756602 | 
Epoch runtime: 0.0 hours, 0.0 minutes, 2.4813754558563232 seconds

Avg epoch train. time: 0.0 hours, 0.0 minutes, 2.5128560066223145 seconds
Avg batch train. time: 0.045688291029496626 seconds
Avg sample train. time: 0.0007193976543436343 seconds
Epoch 4 Training Summary: epoch: 4.000000 | loss: 1658.053492 | 
Epoch runtime: 0.0 hours, 0.0 minutes, 2.4862852096557617 seconds

Avg epoch train. time: 0.0 hours, 0.0 minutes, 2.5062133073806763 seconds
Avg batch train. time: 0.04556751467964866 seconds
Avg sample train. time: 0.0007174959368395867 seconds
Evaluating on validation set ...
Validation runtime: 0.0 hours, 0.0 minutes, 0.5110852718353271 seconds

Avg val. time: 0.0 hours, 0.0 minutes, 0.6554333567619324 seconds
Avg batch val. time: 0.02730972319841385 seconds
Avg sample val. time: 0.0004340618256701539 seconds
Epoch 4 Validation Summary: epoch: 4.000000 | loss: 2882.561476 | 
Epoch 5 Training Summary: epoch: 5.000000 | loss: 1655.274415 | 
Epoch runtime: 0.0 hours, 0.0 minutes, 2.4814534187316895 seconds

Avg epoch train. time: 0.0 hours, 0.0 minutes, 2.501261329650879 seconds
Avg batch train. time: 0.04547747872092507 seconds
Avg sample train. time: 0.0007160782506873401 seconds
Epoch 6 Training Summary: epoch: 6.000000 | loss: 1622.338620 | 
Epoch runtime: 0.0 hours, 0.0 minutes, 2.4812350273132324 seconds

Avg epoch train. time: 0.0 hours, 0.0 minutes, 2.4979236125946045 seconds
Avg batch train. time: 0.045416792956265536 seconds
Avg sample train. time: 0.0007151227061536228 seconds
Evaluating on validation set ...
Validation runtime: 0.0 hours, 0.0 minutes, 0.5065279006958008 seconds

Avg val. time: 0.0 hours, 0.0 minutes, 0.625652265548706 seconds
Avg batch val. time: 0.02606884439786275 seconds
Avg sample val. time: 0.0004143392487077523 seconds
Epoch 6 Validation Summary: epoch: 6.000000 | loss: 2913.310912 | 
Epoch 7 Training Summary: epoch: 7.000000 | loss: 1638.521063 | 
Epoch runtime: 0.0 hours, 0.0 minutes, 2.481410503387451 seconds

Avg epoch train. time: 0.0 hours, 0.0 minutes, 2.4955645969935825 seconds
Avg batch train. time: 0.04537390176351968 seconds
Avg sample train. time: 0.0007144473509858524 seconds
Epoch 8 Training Summary: epoch: 8.000000 | loss: 1618.902208 | 
Epoch runtime: 0.0 hours, 0.0 minutes, 2.4857585430145264 seconds

Avg epoch train. time: 0.0 hours, 0.0 minutes, 2.4943388402462006 seconds
Avg batch train. time: 0.04535161527720365 seconds
Avg sample train. time: 0.0007140964329362154 seconds
Evaluating on validation set ...
Validation runtime: 0.0 hours, 0.0 minutes, 0.5092480182647705 seconds

Avg val. time: 0.0 hours, 0.0 minutes, 0.6062515576680502 seconds
Avg batch val. time: 0.02526048156950209 seconds
Avg sample val. time: 0.0004014910977934107 seconds
Epoch 8 Validation Summary: epoch: 8.000000 | loss: 3003.232582 | 
Epoch 9 Training Summary: epoch: 9.000000 | loss: 1593.124545 | 
Epoch runtime: 0.0 hours, 0.0 minutes, 2.4851810932159424 seconds

Avg epoch train. time: 0.0 hours, 0.0 minutes, 2.493321312798394 seconds
Avg batch train. time: 0.04533311477815262 seconds
Avg sample train. time: 0.000713805128198796 seconds
Epoch 10 Training Summary: epoch: 10.000000 | loss: 1638.704937 | 
Epoch runtime: 0.0 hours, 0.0 minutes, 2.484959602355957 seconds

Avg epoch train. time: 0.0 hours, 0.0 minutes, 2.4924851417541505 seconds
Avg batch train. time: 0.04531791166825728 seconds
Avg sample train. time: 0.0007135657434165904 seconds
Evaluating on validation set ...
Validation runtime: 0.0 hours, 0.0 minutes, 0.5070500373840332 seconds

Avg val. time: 0.0 hours, 0.0 minutes, 0.5920799119131905 seconds
Avg batch val. time: 0.02466999632971627 seconds
Avg sample val. time: 0.0003921059019292653 seconds
Epoch 10 Validation Summary: epoch: 10.000000 | loss: 3149.866789 | 
Epoch 11 Training Summary: epoch: 11.000000 | loss: 1613.032306 | 
Epoch runtime: 0.0 hours, 0.0 minutes, 2.4804306030273438 seconds

Avg epoch train. time: 0.0 hours, 0.0 minutes, 2.491389274597168 seconds
Avg batch train. time: 0.0452979868108576 seconds
Avg sample train. time: 0.000713252011049862 seconds
Epoch 12 Training Summary: epoch: 12.000000 | loss: 1614.353331 | 
Epoch runtime: 0.0 hours, 0.0 minutes, 2.4817707538604736 seconds

Avg epoch train. time: 0.0 hours, 0.0 minutes, 2.4905877312024436 seconds
Avg batch train. time: 0.04528341329458988 seconds
Avg sample train. time: 0.0007130225397086869 seconds
Evaluating on validation set ...
Validation runtime: 0.0 hours, 0.0 minutes, 0.5063791275024414 seconds

Avg val. time: 0.0 hours, 0.0 minutes, 0.5813673138618469 seconds
Avg batch val. time: 0.024223638077576954 seconds
Avg sample val. time: 0.0003850114661336735 seconds
Epoch 12 Validation Summary: epoch: 12.000000 | loss: 2685.302119 | 
Epoch 13 Training Summary: epoch: 13.000000 | loss: 1602.780641 | 
Epoch runtime: 0.0 hours, 0.0 minutes, 2.483704090118408 seconds

Avg epoch train. time: 0.0 hours, 0.0 minutes, 2.4900582203498254 seconds
Avg batch train. time: 0.04527378582454228 seconds
Avg sample train. time: 0.0007128709477096551 seconds
Epoch 14 Training Summary: epoch: 14.000000 | loss: 1599.870815 | 
Epoch runtime: 0.0 hours, 0.0 minutes, 2.4818153381347656 seconds

Avg epoch train. time: 0.0 hours, 0.0 minutes, 2.48946944304875 seconds
Avg batch train. time: 0.045263080782704544 seconds
Avg sample train. time: 0.0007127023885052247 seconds
Evaluating on validation set ...
Validation runtime: 0.0 hours, 0.0 minutes, 0.5068411827087402 seconds

Avg val. time: 0.0 hours, 0.0 minutes, 0.5730866326226128 seconds
Avg batch val. time: 0.023878609692608868 seconds
Avg sample val. time: 0.00037952757127325353 seconds
Epoch 14 Validation Summary: epoch: 14.000000 | loss: 2898.593978 | 
Epoch 15 Training Summary: epoch: 15.000000 | loss: 1563.671552 | 
Epoch runtime: 0.0 hours, 0.0 minutes, 2.4845476150512695 seconds

Avg epoch train. time: 0.0 hours, 0.0 minutes, 2.489141321182251 seconds
Avg batch train. time: 0.04525711493058638 seconds
Avg sample train. time: 0.0007126084515265534 seconds
Epoch 16 Training Summary: epoch: 16.000000 | loss: 1575.232020 | 
Epoch runtime: 0.0 hours, 0.0 minutes, 2.480760335922241 seconds

Avg epoch train. time: 0.0 hours, 0.0 minutes, 2.4886175096035004 seconds
Avg batch train. time: 0.04524759108370001 seconds
Avg sample train. time: 0.0007124584911547382 seconds
Evaluating on validation set ...
Validation runtime: 0.0 hours, 0.0 minutes, 0.5087645053863525 seconds

Avg val. time: 0.0 hours, 0.0 minutes, 0.5666544198989868 seconds
Avg batch val. time: 0.02361060082912445 seconds
Avg sample val. time: 0.0003752678277476734 seconds
Epoch 16 Validation Summary: epoch: 16.000000 | loss: 2757.411214 | 
Epoch 17 Training Summary: epoch: 17.000000 | loss: 1536.213004 | 
Epoch runtime: 0.0 hours, 0.0 minutes, 2.480135202407837 seconds

Avg epoch train. time: 0.0 hours, 0.0 minutes, 2.4881185503566967 seconds
Avg batch train. time: 0.045238519097394486 seconds
Avg sample train. time: 0.0007123156456789856 seconds
Epoch 18 Training Summary: epoch: 18.000000 | loss: 1549.831235 | 
Epoch runtime: 0.0 hours, 0.0 minutes, 2.4843804836273193 seconds

Avg epoch train. time: 0.0 hours, 0.0 minutes, 2.4879108799828424 seconds
Avg batch train. time: 0.04523474327241532 seconds
Avg sample train. time: 0.0007122561923798576 seconds
Evaluating on validation set ...
Validation runtime: 0.0 hours, 0.0 minutes, 0.507526159286499 seconds

Avg val. time: 0.0 hours, 0.0 minutes, 0.5612791234796698 seconds
Avg batch val. time: 0.02338663014498624 seconds
Avg sample val. time: 0.0003717080287944833 seconds
Epoch 18 Validation Summary: epoch: 18.000000 | loss: 3001.078707 | 
Epoch 19 Training Summary: epoch: 19.000000 | loss: 1521.507005 | 
Epoch runtime: 0.0 hours, 0.0 minutes, 2.4838321208953857 seconds

Avg epoch train. time: 0.0 hours, 0.0 minutes, 2.4876962084519234 seconds
Avg batch train. time: 0.045230840153671334 seconds
Avg sample train. time: 0.000712194734741461 seconds
Epoch 20 Training Summary: epoch: 20.000000 | loss: 1519.145338 | 
Epoch runtime: 0.0 hours, 0.0 minutes, 2.4816367626190186 seconds

Avg epoch train. time: 0.0 hours, 0.0 minutes, 2.4873932361602784 seconds
Avg batch train. time: 0.045225331566550515 seconds
Avg sample train. time: 0.0007121079977555907 seconds
Evaluating on validation set ...
Validation runtime: 0.0 hours, 0.0 minutes, 0.5061519145965576 seconds

Avg val. time: 0.0 hours, 0.0 minutes, 0.556685189406077 seconds
Avg batch val. time: 0.02319521622525321 seconds
Avg sample val. time: 0.0003686656883483954 seconds
Epoch 20 Validation Summary: epoch: 20.000000 | loss: 2982.222141 | 
Epoch 21 Training Summary: epoch: 21.000000 | loss: 1495.818890 | 
Epoch runtime: 0.0 hours, 0.0 minutes, 2.4805991649627686 seconds

Avg epoch train. time: 0.0 hours, 0.0 minutes, 2.487069708960397 seconds
Avg batch train. time: 0.0452194492538254 seconds
Avg sample train. time: 0.0007120153761695955 seconds
Epoch 22 Training Summary: epoch: 22.000000 | loss: 1501.673668 | 
Epoch runtime: 0.0 hours, 0.0 minutes, 2.4807236194610596 seconds

Avg epoch train. time: 0.0 hours, 0.0 minutes, 2.4867812503467905 seconds
Avg batch train. time: 0.045214204551759826 seconds
Avg sample train. time: 0.0007119327942590296 seconds
Evaluating on validation set ...
Validation runtime: 0.0 hours, 0.0 minutes, 0.5083098411560059 seconds

Avg val. time: 0.0 hours, 0.0 minutes, 0.5529640087714562 seconds
Avg batch val. time: 0.02304016703214401 seconds
Avg sample val. time: 0.0003662013303122227 seconds
Epoch 22 Validation Summary: epoch: 22.000000 | loss: 2662.042322 | 
Epoch 23 Training Summary: epoch: 23.000000 | loss: 1473.123262 | 
Epoch runtime: 0.0 hours, 0.0 minutes, 2.494485855102539 seconds

Avg epoch train. time: 0.0 hours, 0.0 minutes, 2.487116233162258 seconds
Avg batch train. time: 0.045220295148404685 seconds
Avg sample train. time: 0.0007120286954372338 seconds
Epoch 24 Training Summary: epoch: 24.000000 | loss: 1464.999110 | 
Epoch runtime: 0.0 hours, 0.0 minutes, 2.489722728729248 seconds

Avg epoch train. time: 0.0 hours, 0.0 minutes, 2.487224837144216 seconds
Avg batch train. time: 0.045222269766258476 seconds
Avg sample train. time: 0.0007120597873301506 seconds
Evaluating on validation set ...
Validation runtime: 0.0 hours, 0.0 minutes, 0.5084037780761719 seconds

Avg val. time: 0.0 hours, 0.0 minutes, 0.5497811351503644 seconds
Avg batch val. time: 0.02290754729793185 seconds
Avg sample val. time: 0.0003640934669869963 seconds
Epoch 24 Validation Summary: epoch: 24.000000 | loss: 2805.813561 | 
Epoch 25 Training Summary: epoch: 25.000000 | loss: 1500.332899 | 
Epoch runtime: 0.0 hours, 0.0 minutes, 2.4934675693511963 seconds

Avg epoch train. time: 0.0 hours, 0.0 minutes, 2.487474546432495 seconds
Avg batch train. time: 0.045226809935136274 seconds
Avg sample train. time: 0.0007121312758180632 seconds
Epoch 26 Training Summary: epoch: 26.000000 | loss: 1485.417701 | 
Epoch runtime: 0.0 hours, 0.0 minutes, 2.491196393966675 seconds

Avg epoch train. time: 0.0 hours, 0.0 minutes, 2.487617694414579 seconds
Avg batch train. time: 0.04522941262571962 seconds
Avg sample train. time: 0.0007121722572042883 seconds
Evaluating on validation set ...
Validation runtime: 0.0 hours, 0.0 minutes, 0.5067915916442871 seconds

Avg val. time: 0.0 hours, 0.0 minutes, 0.5469151655832927 seconds
Avg batch val. time: 0.02278813189930386 seconds
Avg sample val. time: 0.00036219547389622033 seconds
Epoch 26 Validation Summary: epoch: 26.000000 | loss: 2761.641305 | 
Epoch 27 Training Summary: epoch: 27.000000 | loss: 1448.142243 | 
Epoch runtime: 0.0 hours, 0.0 minutes, 2.4830663204193115 seconds

Avg epoch train. time: 0.0 hours, 0.0 minutes, 2.487449125007347 seconds
Avg batch train. time: 0.04522634772740631 seconds
Avg sample train. time: 0.0007121239979980954 seconds
Epoch 28 Training Summary: epoch: 28.000000 | loss: 1409.131444 | 
Epoch runtime: 0.0 hours, 0.0 minutes, 2.516495704650879 seconds

Avg epoch train. time: 0.0 hours, 0.0 minutes, 2.488486502851759 seconds
Avg batch train. time: 0.04524520914275925 seconds
Avg sample train. time: 0.0007124209856432175 seconds
Evaluating on validation set ...
Validation runtime: 0.0 hours, 0.0 minutes, 0.5082309246063232 seconds

Avg val. time: 0.0 hours, 0.0 minutes, 0.5444974005222321 seconds
Avg batch val. time: 0.022687391688426334 seconds
Avg sample val. time: 0.00036059430498161066 seconds
Epoch 28 Validation Summary: epoch: 28.000000 | loss: 2938.244937 | 
Epoch 29 Training Summary: epoch: 29.000000 | loss: 1411.492909 | 
Epoch runtime: 0.0 hours, 0.0 minutes, 2.499406337738037 seconds

Avg epoch train. time: 0.0 hours, 0.0 minutes, 2.48886304888232 seconds
Avg batch train. time: 0.045252055434223996 seconds
Avg sample train. time: 0.0007125287858237388 seconds
Epoch 30 Training Summary: epoch: 30.000000 | loss: 1439.970316 | 
Epoch runtime: 0.0 hours, 0.0 minutes, 2.489569902420044 seconds

Avg epoch train. time: 0.0 hours, 0.0 minutes, 2.4888866106669107 seconds
Avg batch train. time: 0.045252483830307465 seconds
Avg sample train. time: 0.000712535531253052 seconds
Evaluating on validation set ...
Validation runtime: 0.0 hours, 0.0 minutes, 0.5074715614318848 seconds

Avg val. time: 0.0 hours, 0.0 minutes, 0.5423194099875057 seconds
Avg batch val. time: 0.02259664208281274 seconds
Avg sample val. time: 0.0003591519271440435 seconds
Epoch 30 Validation Summary: epoch: 30.000000 | loss: 3049.297537 | 
Epoch 31 Training Summary: epoch: 31.000000 | loss: 1402.883197 | 
Epoch runtime: 0.0 hours, 0.0 minutes, 2.4869160652160645 seconds

Avg epoch train. time: 0.0 hours, 0.0 minutes, 2.4888230446846253 seconds
Avg batch train. time: 0.045251328085175006 seconds
Avg sample train. time: 0.0007125173331476168 seconds
Epoch 32 Training Summary: epoch: 32.000000 | loss: 1383.069300 | 
Epoch runtime: 0.0 hours, 0.0 minutes, 2.489604949951172 seconds

Avg epoch train. time: 0.0 hours, 0.0 minutes, 2.488847479224205 seconds
Avg batch train. time: 0.045251772349531 seconds
Avg sample train. time: 0.0007125243284352148 seconds
Evaluating on validation set ...
Validation runtime: 0.0 hours, 0.0 minutes, 0.5094454288482666 seconds

Avg val. time: 0.0 hours, 0.0 minutes, 0.5404930777019925 seconds
Avg batch val. time: 0.02252054490424969 seconds
Avg sample val. time: 0.0003579424355642334 seconds
Epoch 32 Validation Summary: epoch: 32.000000 | loss: 2769.468336 | 
Epoch 33 Training Summary: epoch: 33.000000 | loss: 1375.162406 | 
Epoch runtime: 0.0 hours, 0.0 minutes, 2.489126682281494 seconds

Avg epoch train. time: 0.0 hours, 0.0 minutes, 2.4888559399229107 seconds
Avg batch train. time: 0.045251926180416555 seconds
Avg sample train. time: 0.0007125267506220758 seconds
Epoch 34 Training Summary: epoch: 34.000000 | loss: 1323.023121 | 
Epoch runtime: 0.0 hours, 0.0 minutes, 2.4895248413085938 seconds

Avg epoch train. time: 0.0 hours, 0.0 minutes, 2.488875613493078 seconds
Avg batch train. time: 0.04525228388169233 seconds
Avg sample train. time: 0.0007125323829066928 seconds
Evaluating on validation set ...
Validation runtime: 0.0 hours, 0.0 minutes, 0.5074381828308105 seconds

Avg val. time: 0.0 hours, 0.0 minutes, 0.5387533463929829 seconds
Avg batch val. time: 0.02244805609970762 seconds
Avg sample val. time: 0.00035679029562449196 seconds
Epoch 34 Validation Summary: epoch: 34.000000 | loss: 2961.840325 | 
Epoch 35 Training Summary: epoch: 35.000000 | loss: 1356.449413 | 
Epoch runtime: 0.0 hours, 0.0 minutes, 2.4865529537200928 seconds

Avg epoch train. time: 0.0 hours, 0.0 minutes, 2.4888092517852782 seconds
Avg batch train. time: 0.045251077305186876 seconds
Avg sample train. time: 0.0007125133844217802 seconds
Epoch 36 Training Summary: epoch: 36.000000 | loss: 1309.609537 | 
Epoch runtime: 0.0 hours, 0.0 minutes, 2.4854001998901367 seconds

Avg epoch train. time: 0.0 hours, 0.0 minutes, 2.488714555899302 seconds
Avg batch train. time: 0.04524935556180549 seconds
Avg sample train. time: 0.0007124862742339829 seconds
Evaluating on validation set ...
Validation runtime: 0.0 hours, 0.0 minutes, 0.5074923038482666 seconds

Avg val. time: 0.0 hours, 0.0 minutes, 0.537190294265747 seconds
Avg batch val. time: 0.02238292892773946 seconds
Avg sample val. time: 0.0003557551617653954 seconds
Epoch 36 Validation Summary: epoch: 36.000000 | loss: 3293.732370 | 
Epoch 37 Training Summary: epoch: 37.000000 | loss: 1321.441524 | 
Epoch runtime: 0.0 hours, 0.0 minutes, 2.4887168407440186 seconds

Avg epoch train. time: 0.0 hours, 0.0 minutes, 2.488714617651862 seconds
Avg batch train. time: 0.04524935668457931 seconds
Avg sample train. time: 0.0007124862919129293 seconds
Epoch 38 Training Summary: epoch: 38.000000 | loss: 1305.388589 | 
Epoch runtime: 0.0 hours, 0.0 minutes, 2.4870376586914062 seconds

Avg epoch train. time: 0.0 hours, 0.0 minutes, 2.488670487152903 seconds
Avg batch train. time: 0.04524855431187096 seconds
Avg sample train. time: 0.0007124736579309771 seconds
Evaluating on validation set ...
Validation runtime: 0.0 hours, 0.0 minutes, 0.5072915554046631 seconds

Avg val. time: 0.0 hours, 0.0 minutes, 0.5357665447961717 seconds
Avg batch val. time: 0.02232360603317382 seconds
Avg sample val. time: 0.00035481228132196803 seconds
Epoch 38 Validation Summary: epoch: 38.000000 | loss: 2922.493817 | 
Epoch 39 Training Summary: epoch: 39.000000 | loss: 1274.305345 | 
Epoch runtime: 0.0 hours, 0.0 minutes, 2.486262559890747 seconds

Avg epoch train. time: 0.0 hours, 0.0 minutes, 2.488608745428232 seconds
Avg batch train. time: 0.04524743173505877 seconds
Avg sample train. time: 0.0007124559820865251 seconds
Epoch 40 Training Summary: epoch: 40.000000 | loss: 1251.901476 | 
Epoch runtime: 0.0 hours, 0.0 minutes, 2.4866902828216553 seconds

Avg epoch train. time: 0.0 hours, 0.0 minutes, 2.4885607838630674 seconds
Avg batch train. time: 0.04524655970660123 seconds
Avg sample train. time: 0.0007124422513206606 seconds
Evaluating on validation set ...
Validation runtime: 0.0 hours, 0.0 minutes, 0.5072076320648193 seconds

Avg val. time: 0.0 hours, 0.0 minutes, 0.534468412399292 seconds
Avg batch val. time: 0.022269517183303833 seconds
Avg sample val. time: 0.0003539525909929086 seconds
Epoch 40 Validation Summary: epoch: 40.000000 | loss: 2935.635247 | 
Epoch 41 Training Summary: epoch: 41.000000 | loss: 1255.255727 | 
Epoch runtime: 0.0 hours, 0.0 minutes, 2.4856128692626953 seconds

Avg epoch train. time: 0.0 hours, 0.0 minutes, 2.488488883506961 seconds
Avg batch train. time: 0.045245252427399296 seconds
Avg sample train. time: 0.0007124216671935188 seconds
Epoch 42 Training Summary: epoch: 42.000000 | loss: 1267.161782 | 
Epoch runtime: 0.0 hours, 0.0 minutes, 2.482917547225952 seconds

Avg epoch train. time: 0.0 hours, 0.0 minutes, 2.4883562326431274 seconds
Avg batch train. time: 0.045242840593511406 seconds
Avg sample train. time: 0.0007123836909943107 seconds
Evaluating on validation set ...
Validation runtime: 0.0 hours, 0.0 minutes, 0.5067300796508789 seconds

Avg val. time: 0.0 hours, 0.0 minutes, 0.5332623979319697 seconds
Avg batch val. time: 0.022219266580498737 seconds
Avg sample val. time: 0.00035315390591521175 seconds
Epoch 42 Validation Summary: epoch: 42.000000 | loss: 3067.080355 | 
Epoch 43 Training Summary: epoch: 43.000000 | loss: 1226.062680 | 
Epoch runtime: 0.0 hours, 0.0 minutes, 2.483895778656006 seconds

Avg epoch train. time: 0.0 hours, 0.0 minutes, 2.488252501155055 seconds
Avg batch train. time: 0.04524095456645554 seconds
Avg sample train. time: 0.0007123539940323662 seconds
Epoch 44 Training Summary: epoch: 44.000000 | loss: 1237.223868 | 
Epoch runtime: 0.0 hours, 0.0 minutes, 2.485184669494629 seconds

Avg epoch train. time: 0.0 hours, 0.0 minutes, 2.488182777708227 seconds
Avg batch train. time: 0.04523968686742231 seconds
Avg sample train. time: 0.0007123340331257449 seconds
Evaluating on validation set ...
Validation runtime: 0.0 hours, 0.0 minutes, 0.5063192844390869 seconds

Avg val. time: 0.0 hours, 0.0 minutes, 0.5321397682030996 seconds
Avg batch val. time: 0.022172490341795817 seconds
Avg sample val. time: 0.000352410442518609 seconds
Epoch 44 Validation Summary: epoch: 44.000000 | loss: 2852.228371 | 
Epoch 45 Training Summary: epoch: 45.000000 | loss: 1209.303740 | 
Epoch runtime: 0.0 hours, 0.0 minutes, 2.483822822570801 seconds

Avg epoch train. time: 0.0 hours, 0.0 minutes, 2.488085889816284 seconds
Avg batch train. time: 0.04523792526938698 seconds
Avg sample train. time: 0.0007123062953954435 seconds
Epoch 46 Training Summary: epoch: 46.000000 | loss: 1219.910382 | 
Epoch runtime: 0.0 hours, 0.0 minutes, 2.4875121116638184 seconds

Avg epoch train. time: 0.0 hours, 0.0 minutes, 2.488073416378187 seconds
Avg batch train. time: 0.0452376984796034 seconds
Avg sample train. time: 0.0007123027244140244 seconds
Evaluating on validation set ...
Validation runtime: 0.0 hours, 0.0 minutes, 0.5089249610900879 seconds

Avg val. time: 0.0 hours, 0.0 minutes, 0.5312111759185791 seconds
Avg batch val. time: 0.022133798996607463 seconds
Avg sample val. time: 0.0003517954807407809 seconds
Epoch 46 Validation Summary: epoch: 46.000000 | loss: 3031.949547 | 
Epoch 47 Training Summary: epoch: 47.000000 | loss: 1197.742437 | 
Epoch runtime: 0.0 hours, 0.0 minutes, 2.4846785068511963 seconds

Avg epoch train. time: 0.0 hours, 0.0 minutes, 2.4880011842605914 seconds
Avg batch train. time: 0.04523638516837439 seconds
Avg sample train. time: 0.0007122820453079277 seconds
Epoch 48 Training Summary: epoch: 48.000000 | loss: 1173.666422 | 
Epoch runtime: 0.0 hours, 0.0 minutes, 2.4867489337921143 seconds

Avg epoch train. time: 0.0 hours, 0.0 minutes, 2.487975095709165 seconds
Avg batch train. time: 0.045235910831075726 seconds
Avg sample train. time: 0.0007122745764984727 seconds
Evaluating on validation set ...
Validation runtime: 0.0 hours, 0.0 minutes, 0.508474588394165 seconds

Avg val. time: 0.0 hours, 0.0 minutes, 0.5303366917830247 seconds
Avg batch val. time: 0.02209736215762603 seconds
Avg sample val. time: 0.0003512163521741885 seconds
Epoch 48 Validation Summary: epoch: 48.000000 | loss: 3145.754874 | 
Epoch 49 Training Summary: epoch: 49.000000 | loss: 1169.378159 | 
Epoch runtime: 0.0 hours, 0.0 minutes, 2.486758232116699 seconds

Avg epoch train. time: 0.0 hours, 0.0 minutes, 2.4879502617582983 seconds
Avg batch train. time: 0.04523545930469633 seconds
Avg sample train. time: 0.0007122674668646717 seconds
Epoch 50 Training Summary: epoch: 50.000000 | loss: 1151.679712 | 
Epoch runtime: 0.0 hours, 0.0 minutes, 2.489719867706299 seconds

Avg epoch train. time: 0.0 hours, 0.0 minutes, 2.4879856538772582 seconds
Avg batch train. time: 0.04523610279776833 seconds
Avg sample train. time: 0.0007122775991632574 seconds
Evaluating on validation set ...
Validation runtime: 0.0 hours, 0.0 minutes, 0.5078365802764893 seconds

Avg val. time: 0.0 hours, 0.0 minutes, 0.5295033543198197 seconds
Avg batch val. time: 0.022062639763325818 seconds
Avg sample val. time: 0.00035066447305948323 seconds
Epoch 50 Validation Summary: epoch: 50.000000 | loss: 2923.031687 | 
Epoch 51 Training Summary: epoch: 51.000000 | loss: 1128.730023 | 
Epoch runtime: 0.0 hours, 0.0 minutes, 2.487637996673584 seconds

Avg epoch train. time: 0.0 hours, 0.0 minutes, 2.487978837069343 seconds
Avg batch train. time: 0.04523597885580624 seconds
Avg sample train. time: 0.0007122756476007281 seconds
Epoch 52 Training Summary: epoch: 52.000000 | loss: 1130.068995 | 
Epoch runtime: 0.0 hours, 0.0 minutes, 2.489612102508545 seconds

Avg epoch train. time: 0.0 hours, 0.0 minutes, 2.488010246020097 seconds
Avg batch train. time: 0.04523654992763813 seconds
Avg sample train. time: 0.0007122846395705974 seconds
Evaluating on validation set ...
Validation runtime: 0.0 hours, 0.0 minutes, 0.5069518089294434 seconds

Avg val. time: 0.0 hours, 0.0 minutes, 0.5286979419844491 seconds
Avg batch val. time: 0.022029080916018712 seconds
Avg sample val. time: 0.0003501310874069199 seconds
Epoch 52 Validation Summary: epoch: 52.000000 | loss: 2984.932849 | 
Epoch 53 Training Summary: epoch: 53.000000 | loss: 1100.320723 | 
Epoch runtime: 0.0 hours, 0.0 minutes, 2.487067937850952 seconds

Avg epoch train. time: 0.0 hours, 0.0 minutes, 2.487992466620679 seconds
Avg batch train. time: 0.045236226665830534 seconds
Avg sample train. time: 0.0007122795495621755 seconds
Epoch 54 Training Summary: epoch: 54.000000 | loss: 1104.140694 | 
Epoch runtime: 0.0 hours, 0.0 minutes, 2.4877614974975586 seconds

Avg epoch train. time: 0.0 hours, 0.0 minutes, 2.4879881894146956 seconds
Avg batch train. time: 0.04523614889844901 seconds
Avg sample train. time: 0.0007122783250543074 seconds
Evaluating on validation set ...
Validation runtime: 0.0 hours, 0.0 minutes, 0.507094144821167 seconds

Avg val. time: 0.0 hours, 0.0 minutes, 0.5279529834615773 seconds
Avg batch val. time: 0.02199804097756572 seconds
Avg sample val. time: 0.000349637737391773 seconds
Epoch 54 Validation Summary: epoch: 54.000000 | loss: 3186.636395 | 
Epoch 55 Training Summary: epoch: 55.000000 | loss: 1123.944406 | 
Epoch runtime: 0.0 hours, 0.0 minutes, 2.4878602027893066 seconds

Avg epoch train. time: 0.0 hours, 0.0 minutes, 2.487985862385143 seconds
Avg batch train. time: 0.04523610658882078 seconds
Avg sample train. time: 0.000712277658856325 seconds
Epoch 56 Training Summary: epoch: 56.000000 | loss: 1091.508730 | 
Epoch runtime: 0.0 hours, 0.0 minutes, 2.4876718521118164 seconds

Avg epoch train. time: 0.0 hours, 0.0 minutes, 2.4879802550588335 seconds
Avg batch train. time: 0.04523600463743334 seconds
Avg sample train. time: 0.000712276053552486 seconds
Evaluating on validation set ...
Validation runtime: 0.0 hours, 0.0 minutes, 0.5071365833282471 seconds

Avg val. time: 0.0 hours, 0.0 minutes, 0.527259103457133 seconds
Avg batch val. time: 0.021969129310713875 seconds
Avg sample val. time: 0.00034917821421002186 seconds
Epoch 56 Validation Summary: epoch: 56.000000 | loss: 3216.325274 | 
Epoch 57 Training Summary: epoch: 57.000000 | loss: 1075.533437 | 
Epoch runtime: 0.0 hours, 0.0 minutes, 2.487283706665039 seconds

Avg epoch train. time: 0.0 hours, 0.0 minutes, 2.487968034911574 seconds
Avg batch train. time: 0.04523578245293771 seconds
Avg sample train. time: 0.0007122725550849052 seconds
Epoch 58 Training Summary: epoch: 58.000000 | loss: 1064.743410 | 
Epoch runtime: 0.0 hours, 0.0 minutes, 2.4944217205047607 seconds

Avg epoch train. time: 0.0 hours, 0.0 minutes, 2.488079305352836 seconds
Avg batch train. time: 0.04523780555186974 seconds
Avg sample train. time: 0.0007123044103500818 seconds
Evaluating on validation set ...
Validation runtime: 0.0 hours, 0.0 minutes, 0.5106532573699951 seconds

Avg val. time: 0.0 hours, 0.0 minutes, 0.5267234310027091 seconds
Avg batch val. time: 0.02194680962511288 seconds
Avg sample val. time: 0.0003488234642402047 seconds
Epoch 58 Validation Summary: epoch: 58.000000 | loss: 2950.101079 | 
Epoch 59 Training Summary: epoch: 59.000000 | loss: 1059.514607 | 
Epoch runtime: 0.0 hours, 0.0 minutes, 2.4850997924804688 seconds

Avg epoch train. time: 0.0 hours, 0.0 minutes, 2.48802880513466 seconds
Avg batch train. time: 0.04523688736608473 seconds
Avg sample train. time: 0.0007122899528012196 seconds
Epoch 60 Training Summary: epoch: 60.000000 | loss: 1053.146220 | 
Epoch runtime: 0.0 hours, 0.0 minutes, 2.493793249130249 seconds

Avg epoch train. time: 0.0 hours, 0.0 minutes, 2.488124879201253 seconds
Avg batch train. time: 0.04523863416729551 seconds
Avg sample train. time: 0.0007123174575440175 seconds
Evaluating on validation set ...
Validation runtime: 0.0 hours, 0.0 minutes, 0.5072181224822998 seconds

Avg val. time: 0.0 hours, 0.0 minutes, 0.5261138901114464 seconds
Avg batch val. time: 0.021921412087976933 seconds
Avg sample val. time: 0.0003484197947757923 seconds
Epoch 60 Validation Summary: epoch: 60.000000 | loss: 3012.242451 | 
Epoch 61 Training Summary: epoch: 61.000000 | loss: 1030.664634 | 
Epoch runtime: 0.0 hours, 0.0 minutes, 2.4884133338928223 seconds

Avg epoch train. time: 0.0 hours, 0.0 minutes, 2.488129607966689 seconds
Avg batch train. time: 0.045238720144848886 seconds
Avg sample train. time: 0.0007123188113274231 seconds
Epoch 62 Training Summary: epoch: 62.000000 | loss: 1033.267051 | 
Epoch runtime: 0.0 hours, 0.0 minutes, 2.486754894256592 seconds

Avg epoch train. time: 0.0 hours, 0.0 minutes, 2.488107435164913 seconds
Avg batch train. time: 0.045238317002998414 seconds
Avg sample train. time: 0.0007123124635456378 seconds
Evaluating on validation set ...
Validation runtime: 0.0 hours, 0.0 minutes, 0.5072503089904785 seconds

Avg val. time: 0.0 hours, 0.0 minutes, 0.525542266441114 seconds
Avg batch val. time: 0.02189759443504642 seconds
Avg sample val. time: 0.0003480412360537179 seconds
Epoch 62 Validation Summary: epoch: 62.000000 | loss: 3055.564241 | 
Epoch 63 Training Summary: epoch: 63.000000 | loss: 1031.215564 | 
Epoch runtime: 0.0 hours, 0.0 minutes, 2.488715171813965 seconds

Avg epoch train. time: 0.0 hours, 0.0 minutes, 2.48811708177839 seconds
Avg batch train. time: 0.045238492395970734 seconds
Avg sample train. time: 0.0007123152252443145 seconds
Epoch 64 Training Summary: epoch: 64.000000 | loss: 1048.603748 | 
Epoch runtime: 0.0 hours, 0.0 minutes, 2.4891624450683594 seconds

Avg epoch train. time: 0.0 hours, 0.0 minutes, 2.488133415579796 seconds
Avg batch train. time: 0.04523878937417811 seconds
Avg sample train. time: 0.0007123199013970215 seconds
Evaluating on validation set ...
Validation runtime: 0.0 hours, 0.0 minutes, 0.5076861381530762 seconds

Avg val. time: 0.0 hours, 0.0 minutes, 0.5250170861973482 seconds
Avg batch val. time: 0.021875711924889508 seconds
Avg sample val. time: 0.0003476934345677803 seconds
Epoch 64 Validation Summary: epoch: 64.000000 | loss: 3382.752328 | 
Epoch 65 Training Summary: epoch: 65.000000 | loss: 989.576748 | 
Epoch runtime: 0.0 hours, 0.0 minutes, 2.4850895404815674 seconds

Avg epoch train. time: 0.0 hours, 0.0 minutes, 2.488086586732131 seconds
Avg batch train. time: 0.0452379379405842 seconds
Avg sample train. time: 0.0007123064949132925 seconds
Epoch 66 Training Summary: epoch: 66.000000 | loss: 969.700030 | 
Epoch runtime: 0.0 hours, 0.0 minutes, 2.489255666732788 seconds

Avg epoch train. time: 0.0 hours, 0.0 minutes, 2.488104300065474 seconds
Avg batch train. time: 0.04523826000119044 seconds
Avg sample train. time: 0.0007123115660078654 seconds
Evaluating on validation set ...
Validation runtime: 0.0 hours, 0.0 minutes, 0.5077309608459473 seconds

Avg val. time: 0.0 hours, 0.0 minutes, 0.5245231969015939 seconds
Avg batch val. time: 0.021855133204233077 seconds
Avg sample val. time: 0.0003473663555639695 seconds
Epoch 66 Validation Summary: epoch: 66.000000 | loss: 3468.340858 | 
Epoch 67 Training Summary: epoch: 67.000000 | loss: 958.448329 | 
Epoch runtime: 0.0 hours, 0.0 minutes, 2.487029790878296 seconds

Avg epoch train. time: 0.0 hours, 0.0 minutes, 2.488088262614919 seconds
Avg batch train. time: 0.04523796841118034 seconds
Avg sample train. time: 0.0007123069746965127 seconds
Epoch 68 Training Summary: epoch: 68.000000 | loss: 970.154815 | 
Epoch runtime: 0.0 hours, 0.0 minutes, 2.487546920776367 seconds

Avg epoch train. time: 0.0 hours, 0.0 minutes, 2.4880803017055286 seconds
Avg batch train. time: 0.04523782366737325 seconds
Avg sample train. time: 0.0007123046955927651 seconds
Evaluating on validation set ...
Validation runtime: 0.0 hours, 0.0 minutes, 0.5078799724578857 seconds

Avg val. time: 0.0 hours, 0.0 minutes, 0.5240608851114908 seconds
Avg batch val. time: 0.021835870212978784 seconds
Avg sample val. time: 0.00034706018881555683 seconds
Epoch 68 Validation Summary: epoch: 68.000000 | loss: 3331.241856 | 
Epoch 69 Training Summary: epoch: 69.000000 | loss: 939.772683 | 
Epoch runtime: 0.0 hours, 0.0 minutes, 2.487286329269409 seconds

Avg epoch train. time: 0.0 hours, 0.0 minutes, 2.4880687948586284 seconds
Avg batch train. time: 0.045237614451975064 seconds
Avg sample train. time: 0.000712301401333704 seconds
Epoch 70 Training Summary: epoch: 70.000000 | loss: 941.710567 | 
Epoch runtime: 0.0 hours, 0.0 minutes, 2.4887075424194336 seconds

Avg epoch train. time: 0.0 hours, 0.0 minutes, 2.4880779198237826 seconds
Avg batch train. time: 0.04523778036043241 seconds
Avg sample train. time: 0.0007123040136913205 seconds
Evaluating on validation set ...
Validation runtime: 0.0 hours, 0.0 minutes, 0.5078189373016357 seconds

Avg val. time: 0.0 hours, 0.0 minutes, 0.5236219135490624 seconds
Avg batch val. time: 0.021817579731210932 seconds
Avg sample val. time: 0.0003467694791715645 seconds
Epoch 70 Validation Summary: epoch: 70.000000 | loss: 3244.183902 | 
Epoch 71 Training Summary: epoch: 71.000000 | loss: 923.194634 | 
Epoch runtime: 0.0 hours, 0.0 minutes, 2.484882354736328 seconds

Avg epoch train. time: 0.0 hours, 0.0 minutes, 2.4880329118648046 seconds
Avg batch train. time: 0.04523696203390554 seconds
Avg sample train. time: 0.0007122911285040953 seconds
Epoch 72 Training Summary: epoch: 72.000000 | loss: 930.680956 | 
Epoch runtime: 0.0 hours, 0.0 minutes, 2.4908125400543213 seconds

Avg epoch train. time: 0.0 hours, 0.0 minutes, 2.488071517811881 seconds
Avg batch train. time: 0.04523766396021602 seconds
Avg sample train. time: 0.0007123021808794392 seconds
Evaluating on validation set ...
Validation runtime: 0.0 hours, 0.0 minutes, 0.5097243785858154 seconds

Avg val. time: 0.0 hours, 0.0 minutes, 0.5232561889447664 seconds
Avg batch val. time: 0.021802341206031934 seconds
Avg sample val. time: 0.0003465272774468652 seconds
Epoch 72 Validation Summary: epoch: 72.000000 | loss: 3119.944847 | 
Epoch 73 Training Summary: epoch: 73.000000 | loss: 909.744160 | 
Epoch runtime: 0.0 hours, 0.0 minutes, 2.4884583950042725 seconds

Avg epoch train. time: 0.0 hours, 0.0 minutes, 2.488076817499448 seconds
Avg batch train. time: 0.04523776031817178 seconds
Avg sample train. time: 0.0007123036981103487 seconds
Epoch 74 Training Summary: epoch: 74.000000 | loss: 915.288809 | 
Epoch runtime: 0.0 hours, 0.0 minutes, 2.4880738258361816 seconds

Avg epoch train. time: 0.0 hours, 0.0 minutes, 2.488076777071566 seconds
Avg batch train. time: 0.04523775958311938 seconds
Avg sample train. time: 0.0007123036865363774 seconds
Evaluating on validation set ...
Validation runtime: 0.0 hours, 0.0 minutes, 0.5074021816253662 seconds

Avg val. time: 0.0 hours, 0.0 minutes, 0.5228496759365766 seconds
Avg batch val. time: 0.021785403164024025 seconds
Avg sample val. time: 0.00034625806353415667 seconds
Epoch 74 Validation Summary: epoch: 74.000000 | loss: 3188.028549 | 
Epoch 75 Training Summary: epoch: 75.000000 | loss: 910.318718 | 
Epoch runtime: 0.0 hours, 0.0 minutes, 2.48771595954895 seconds

Avg epoch train. time: 0.0 hours, 0.0 minutes, 2.4880719661712645 seconds
Avg batch train. time: 0.04523767211220481 seconds
Avg sample train. time: 0.0007123023092388389 seconds
Epoch 76 Training Summary: epoch: 76.000000 | loss: 888.386111 | 
Epoch runtime: 0.0 hours, 0.0 minutes, 2.4900307655334473 seconds

Avg epoch train. time: 0.0 hours, 0.0 minutes, 2.488097739847083 seconds
Avg batch train. time: 0.045238140724492414 seconds
Avg sample train. time: 0.000712309687903545 seconds
Evaluating on validation set ...
Validation runtime: 0.0 hours, 0.0 minutes, 0.5076766014099121 seconds

Avg val. time: 0.0 hours, 0.0 minutes, 0.5224703490734101 seconds
Avg batch val. time: 0.021769597878058752 seconds
Avg sample val. time: 0.00034600685369100005 seconds
Epoch 76 Validation Summary: epoch: 76.000000 | loss: 3109.728363 | 
Epoch 77 Training Summary: epoch: 77.000000 | loss: 861.730750 | 
Epoch runtime: 0.0 hours, 0.0 minutes, 2.4861581325531006 seconds

Avg epoch train. time: 0.0 hours, 0.0 minutes, 2.488072550141966 seconds
Avg batch train. time: 0.04523768272985393 seconds
Avg sample train. time: 0.0007123024764219771 seconds
Epoch 78 Training Summary: epoch: 78.000000 | loss: 866.196708 | 
Epoch runtime: 0.0 hours, 0.0 minutes, 2.49025821685791 seconds

Avg epoch train. time: 0.0 hours, 0.0 minutes, 2.4881005715101194 seconds
Avg batch train. time: 0.0452381922092749 seconds
Avg sample train. time: 0.0007123104985714627 seconds
Evaluating on validation set ...
Validation runtime: 0.0 hours, 0.0 minutes, 0.5084266662597656 seconds

Avg val. time: 0.0 hours, 0.0 minutes, 0.5221278202242967 seconds
Avg batch val. time: 0.02175532584267903 seconds
Avg sample val. time: 0.00034578001339357397 seconds
Epoch 78 Validation Summary: epoch: 78.000000 | loss: 3131.303867 | 
Epoch 79 Training Summary: epoch: 79.000000 | loss: 853.913667 | 
Epoch runtime: 0.0 hours, 0.0 minutes, 2.4899415969848633 seconds

Avg epoch train. time: 0.0 hours, 0.0 minutes, 2.4881238756300528 seconds
Avg batch train. time: 0.04523861592054641 seconds
Avg sample train. time: 0.0007123171702347704 seconds
Epoch 80 Training Summary: epoch: 80.000000 | loss: 869.113186 | 
Epoch runtime: 0.0 hours, 0.0 minutes, 2.490664482116699 seconds

Avg epoch train. time: 0.0 hours, 0.0 minutes, 2.488155633211136 seconds
Avg batch train. time: 0.04523919333111156 seconds
Avg sample train. time: 0.0007123262620129218 seconds
Evaluating on validation set ...
Validation runtime: 0.0 hours, 0.0 minutes, 0.5073297023773193 seconds

Avg val. time: 0.0 hours, 0.0 minutes, 0.521775484085083 seconds
Avg batch val. time: 0.021740645170211792 seconds
Avg sample val. time: 0.00034554667820204174 seconds
Epoch 80 Validation Summary: epoch: 80.000000 | loss: 3361.433718 | 
Epoch 81 Training Summary: epoch: 81.000000 | loss: 848.558003 | 
Epoch runtime: 0.0 hours, 0.0 minutes, 2.4874942302703857 seconds

Avg epoch train. time: 0.0 hours, 0.0 minutes, 2.4881474677427313 seconds
Avg batch train. time: 0.04523904486804966 seconds
Avg sample train. time: 0.0007123239243466165 seconds
Epoch 82 Training Summary: epoch: 82.000000 | loss: 843.302276 | 
Epoch runtime: 0.0 hours, 0.0 minutes, 2.4888737201690674 seconds

Avg epoch train. time: 0.0 hours, 0.0 minutes, 2.488156324479638 seconds
Avg batch train. time: 0.04523920589962978 seconds
Avg sample train. time: 0.0007123264599140103 seconds
Evaluating on validation set ...
Validation runtime: 0.0 hours, 0.0 minutes, 0.5073974132537842 seconds

Avg val. time: 0.0 hours, 0.0 minutes, 0.5214411103448202 seconds
Avg batch val. time: 0.021726712931034176 seconds
Avg sample val. time: 0.00034532523863895376 seconds
Epoch 82 Validation Summary: epoch: 82.000000 | loss: 3199.138263 | 
Epoch 83 Training Summary: epoch: 83.000000 | loss: 810.442440 | 
Epoch runtime: 0.0 hours, 0.0 minutes, 2.4850759506225586 seconds

Avg epoch train. time: 0.0 hours, 0.0 minutes, 2.488119211541601 seconds
Avg batch train. time: 0.0452385311189382 seconds
Avg sample train. time: 0.0007123158349675354 seconds
Epoch 84 Training Summary: epoch: 84.000000 | loss: 831.515481 | 
Epoch runtime: 0.0 hours, 0.0 minutes, 2.488544225692749 seconds

Avg epoch train. time: 0.0 hours, 0.0 minutes, 2.4881242712338767 seconds
Avg batch train. time: 0.045238623113343215 seconds
Avg sample train. time: 0.0007123172834909466 seconds
Evaluating on validation set ...
Validation runtime: 0.0 hours, 0.0 minutes, 0.507307767868042 seconds

Avg val. time: 0.0 hours, 0.0 minutes, 0.5211198980158026 seconds
Avg batch val. time: 0.021713329083991775 seconds
Avg sample val. time: 0.0003451125152422534 seconds
Epoch 84 Validation Summary: epoch: 84.000000 | loss: 3267.980117 | 
Epoch 85 Training Summary: epoch: 85.000000 | loss: 807.879852 | 
Epoch runtime: 0.0 hours, 0.0 minutes, 2.488743305206299 seconds

Avg epoch train. time: 0.0 hours, 0.0 minutes, 2.488131553986493 seconds
Avg batch train. time: 0.04523875552702715 seconds
Avg sample train. time: 0.0007123193684473213 seconds
Epoch 86 Training Summary: epoch: 86.000000 | loss: 799.888416 | 
Epoch runtime: 0.0 hours, 0.0 minutes, 2.489858865737915 seconds

Avg epoch train. time: 0.0 hours, 0.0 minutes, 2.4881516390068588 seconds
Avg batch train. time: 0.04523912070921561 seconds
Avg sample train. time: 0.0007123251185247233 seconds
Evaluating on validation set ...
Validation runtime: 0.0 hours, 0.0 minutes, 0.5080215930938721 seconds

Avg val. time: 0.0 hours, 0.0 minutes, 0.520828824573093 seconds
Avg batch val. time: 0.021701201023878874 seconds
Avg sample val. time: 0.00034491975137290927 seconds
Epoch 86 Validation Summary: epoch: 86.000000 | loss: 3707.754563 | 
Epoch 87 Training Summary: epoch: 87.000000 | loss: 793.975958 | 
Epoch runtime: 0.0 hours, 0.0 minutes, 2.4888079166412354 seconds

Avg epoch train. time: 0.0 hours, 0.0 minutes, 2.4881591824279434 seconds
Avg batch train. time: 0.04523925786232624 seconds
Avg sample train. time: 0.0007123272781070551 seconds
Epoch 88 Training Summary: epoch: 88.000000 | loss: 762.406287 | 
Epoch runtime: 0.0 hours, 0.0 minutes, 2.491633415222168 seconds

Avg epoch train. time: 0.0 hours, 0.0 minutes, 2.4881986623460595 seconds
Avg batch train. time: 0.045239975679019266 seconds
Avg sample train. time: 0.0007123385806888232 seconds
Evaluating on validation set ...
Validation runtime: 0.0 hours, 0.0 minutes, 0.5088856220245361 seconds

Avg val. time: 0.0 hours, 0.0 minutes, 0.5205691897350809 seconds
Avg batch val. time: 0.021690382905628372 seconds
Avg sample val. time: 0.0003447478077715768 seconds
Epoch 88 Validation Summary: epoch: 88.000000 | loss: 3393.723194 | 
Epoch 89 Training Summary: epoch: 89.000000 | loss: 783.770661 | 
Epoch runtime: 0.0 hours, 0.0 minutes, 2.4882476329803467 seconds

Avg epoch train. time: 0.0 hours, 0.0 minutes, 2.4881992125779053 seconds
Avg batch train. time: 0.04523998568323464 seconds
Avg sample train. time: 0.0007123387382129703 seconds
Epoch 90 Training Summary: epoch: 90.000000 | loss: 768.403690 | 
Epoch runtime: 0.0 hours, 0.0 minutes, 2.490180730819702 seconds

Avg epoch train. time: 0.0 hours, 0.0 minutes, 2.4882212294472588 seconds
Avg batch train. time: 0.04524038598995016 seconds
Avg sample train. time: 0.000712345041353352 seconds
Evaluating on validation set ...
Validation runtime: 0.0 hours, 0.0 minutes, 0.5076243877410889 seconds

Avg val. time: 0.0 hours, 0.0 minutes, 0.5202937684160598 seconds
Avg batch val. time: 0.021678907017335824 seconds
Avg sample val. time: 0.0003445654095470595 seconds
Epoch 90 Validation Summary: epoch: 90.000000 | loss: 3201.218409 | 
Epoch 91 Training Summary: epoch: 91.000000 | loss: 781.971008 | 
Epoch runtime: 0.0 hours, 0.0 minutes, 2.4894967079162598 seconds

Avg epoch train. time: 0.0 hours, 0.0 minutes, 2.4882352456941708 seconds
Avg batch train. time: 0.045240640830803105 seconds
Avg sample train. time: 0.0007123490540206616 seconds
Epoch 92 Training Summary: epoch: 92.000000 | loss: 757.679958 | 
Epoch runtime: 0.0 hours, 0.0 minutes, 2.4904024600982666 seconds

Avg epoch train. time: 0.0 hours, 0.0 minutes, 2.4882588023724765 seconds
Avg batch train. time: 0.04524106913404503 seconds
Avg sample train. time: 0.0007123557979881123 seconds
Evaluating on validation set ...
Validation runtime: 0.0 hours, 0.0 minutes, 0.5075469017028809 seconds

Avg val. time: 0.0 hours, 0.0 minutes, 0.5200282086928686 seconds
Avg batch val. time: 0.021667842028869524 seconds
Avg sample val. time: 0.0003443895421807077 seconds
Epoch 92 Validation Summary: epoch: 92.000000 | loss: 3266.151971 | 
Epoch 93 Training Summary: epoch: 93.000000 | loss: 752.995379 | 
Epoch runtime: 0.0 hours, 0.0 minutes, 2.49139404296875 seconds

Avg epoch train. time: 0.0 hours, 0.0 minutes, 2.4882925146369526 seconds
Avg batch train. time: 0.045241682084308225 seconds
Avg sample train. time: 0.0007123654493664336 seconds
Epoch 94 Training Summary: epoch: 94.000000 | loss: 742.825545 | 
Epoch runtime: 0.0 hours, 0.0 minutes, 2.4897165298461914 seconds

Avg epoch train. time: 0.0 hours, 0.0 minutes, 2.488307663734923 seconds
Avg batch train. time: 0.04524195752245314 seconds
Avg sample train. time: 0.0007123697863541148 seconds
Evaluating on validation set ...
Validation runtime: 0.0 hours, 0.0 minutes, 0.5067617893218994 seconds

Avg val. time: 0.0 hours, 0.0 minutes, 0.5197574654403998 seconds
Avg batch val. time: 0.02165656106001666 seconds
Avg sample val. time: 0.0003442102420135098 seconds
Epoch 94 Validation Summary: epoch: 94.000000 | loss: 3257.284660 | 
Epoch 95 Training Summary: epoch: 95.000000 | loss: 735.071645 | 
Epoch runtime: 0.0 hours, 0.0 minutes, 2.4876770973205566 seconds

Avg epoch train. time: 0.0 hours, 0.0 minutes, 2.488301026193719 seconds
Avg batch train. time: 0.0452418368398858 seconds
Avg sample train. time: 0.0007123678861132892 seconds
Epoch 96 Training Summary: epoch: 96.000000 | loss: 724.716507 | 
Epoch runtime: 0.0 hours, 0.0 minutes, 2.4876182079315186 seconds

Avg epoch train. time: 0.0 hours, 0.0 minutes, 2.488293913503488 seconds
Avg batch train. time: 0.04524170751824524 seconds
Avg sample train. time: 0.0007123658498435408 seconds
Evaluating on validation set ...
Validation runtime: 0.0 hours, 0.0 minutes, 0.5074570178985596 seconds

Avg val. time: 0.0 hours, 0.0 minutes, 0.519511456489563 seconds
Avg batch val. time: 0.021646310687065125 seconds
Avg sample val. time: 0.00034404732217851856 seconds
Epoch 96 Validation Summary: epoch: 96.000000 | loss: 3392.266091 | 
Epoch 97 Training Summary: epoch: 97.000000 | loss: 732.493376 | 
Epoch runtime: 0.0 hours, 0.0 minutes, 2.4888527393341064 seconds

Avg epoch train. time: 0.0 hours, 0.0 minutes, 2.488299674594525 seconds
Avg batch train. time: 0.045241812265355 seconds
Avg sample train. time: 0.0007123674991682007 seconds
Epoch 98 Training Summary: epoch: 98.000000 | loss: 715.913310 | 
Epoch runtime: 0.0 hours, 0.0 minutes, 2.490527868270874 seconds

Avg epoch train. time: 0.0 hours, 0.0 minutes, 2.4883224112646922 seconds
Avg batch train. time: 0.04524222565935804 seconds
Avg sample train. time: 0.0007123740083780968 seconds
Evaluating on validation set ...
Validation runtime: 0.0 hours, 0.0 minutes, 0.5076065063476562 seconds

Avg val. time: 0.0 hours, 0.0 minutes, 0.5192780260946236 seconds
Avg batch val. time: 0.021636584420609315 seconds
Avg sample val. time: 0.00034389273251299573 seconds
Epoch 98 Validation Summary: epoch: 98.000000 | loss: 3221.652706 | 
Epoch 99 Training Summary: epoch: 99.000000 | loss: 714.985960 | 
Epoch runtime: 0.0 hours, 0.0 minutes, 2.4885289669036865 seconds

Avg epoch train. time: 0.0 hours, 0.0 minutes, 2.488324497685288 seconds
Avg batch train. time: 0.045242263594277965 seconds
Avg sample train. time: 0.0007123746056928967 seconds
Epoch 100 Training Summary: epoch: 100.000000 | loss: 697.774338 | 
Epoch runtime: 0.0 hours, 0.0 minutes, 2.488027334213257 seconds

Avg epoch train. time: 0.0 hours, 0.0 minutes, 2.4883215260505676 seconds
Avg batch train. time: 0.045242209564555776 seconds
Avg sample train. time: 0.0007123737549529251 seconds
Evaluating on validation set ...
Validation runtime: 0.0 hours, 0.0 minutes, 0.5065515041351318 seconds

Avg val. time: 0.0 hours, 0.0 minutes, 0.5190332852877103 seconds
Avg batch val. time: 0.02162638688698793 seconds
Avg sample val. time: 0.0003437306525084174 seconds
Epoch 100 Validation Summary: epoch: 100.000000 | loss: 3133.245970 | 
Best loss was 2662.0423220198677. Other metrics: OrderedDict([('epoch', 22), ('loss', 2662.0423220198677)])
All Done!
Total runtime: 0.0 hours, 5.0 minutes, 2.0344159603118896 seconds

