Running:
mvts_transformer/src/main.py --output_dir output/regression/transformer --comment regression from Scratch --name LiveFuelMoistureContent_baseline_fromScratch_Regression --records_file Regression_records.xls --data_dir data/LiveFuelMoistureContent --data_class tsra --pattern TRAIN --val_pattern TEST --epochs 100 --lr 0.001 --optimizer RAdam --pos_encoding learnable --task regression

Using device: cuda
Loading and preprocessing data ...
3493 samples may be used for training
1510 samples will be used for validation
0 samples will be used for testing
Creating model ...
Model:
TSTransformerEncoderClassiregressor(
  (project_inp): Linear(in_features=7, out_features=64, bias=True)
  (pos_enc): LearnablePositionalEncoding(
    (dropout): Dropout(p=0.1, inplace=False)
  )
  (transformer_encoder): TransformerEncoder(
    (layers): ModuleList(
      (0): TransformerBatchNormEncoderLayer(
        (self_attn): MultiheadAttention(
          (out_proj): NonDynamicallyQuantizableLinear(in_features=64, out_features=64, bias=True)
        )
        (linear1): Linear(in_features=64, out_features=256, bias=True)
        (dropout): Dropout(p=0.1, inplace=False)
        (linear2): Linear(in_features=256, out_features=64, bias=True)
        (norm1): BatchNorm1d(64, eps=1e-05, momentum=0.1, affine=True, track_running_stats=True)
        (norm2): BatchNorm1d(64, eps=1e-05, momentum=0.1, affine=True, track_running_stats=True)
        (dropout1): Dropout(p=0.1, inplace=False)
        (dropout2): Dropout(p=0.1, inplace=False)
      )
      (1): TransformerBatchNormEncoderLayer(
        (self_attn): MultiheadAttention(
          (out_proj): NonDynamicallyQuantizableLinear(in_features=64, out_features=64, bias=True)
        )
        (linear1): Linear(in_features=64, out_features=256, bias=True)
        (dropout): Dropout(p=0.1, inplace=False)
        (linear2): Linear(in_features=256, out_features=64, bias=True)
        (norm1): BatchNorm1d(64, eps=1e-05, momentum=0.1, affine=True, track_running_stats=True)
        (norm2): BatchNorm1d(64, eps=1e-05, momentum=0.1, affine=True, track_running_stats=True)
        (dropout1): Dropout(p=0.1, inplace=False)
        (dropout2): Dropout(p=0.1, inplace=False)
      )
      (2): TransformerBatchNormEncoderLayer(
        (self_attn): MultiheadAttention(
          (out_proj): NonDynamicallyQuantizableLinear(in_features=64, out_features=64, bias=True)
        )
        (linear1): Linear(in_features=64, out_features=256, bias=True)
        (dropout): Dropout(p=0.1, inplace=False)
        (linear2): Linear(in_features=256, out_features=64, bias=True)
        (norm1): BatchNorm1d(64, eps=1e-05, momentum=0.1, affine=True, track_running_stats=True)
        (norm2): BatchNorm1d(64, eps=1e-05, momentum=0.1, affine=True, track_running_stats=True)
        (dropout1): Dropout(p=0.1, inplace=False)
        (dropout2): Dropout(p=0.1, inplace=False)
      )
    )
  )
  (dropout1): Dropout(p=0.1, inplace=False)
  (output_layer): Linear(in_features=23360, out_features=1, bias=True)
)
Total number of parameters: 197185
Trainable parameters: 197185
Evaluating on validation set ...
Validation runtime: 0.0 hours, 0.0 minutes, 1.1735303401947021 seconds

Avg val. time: 0.0 hours, 0.0 minutes, 1.1735303401947021 seconds
Avg batch val. time: 0.04889709750811259 seconds
Avg sample val. time: 0.0007771724107249683 seconds
Epoch 0 Validation Summary: epoch: 0.000000 | loss: 15156.504222 | 
Starting training...
Epoch 1 Training Summary: epoch: 1.000000 | loss: 13549.234138 | 
Epoch runtime: 0.0 hours, 0.0 minutes, 2.618783950805664 seconds

Avg epoch train. time: 0.0 hours, 0.0 minutes, 2.618783950805664 seconds
Avg batch train. time: 0.04761425365101207 seconds
Avg sample train. time: 0.0007497234328100956 seconds
Evaluating on validation set ...
Validation runtime: 0.0 hours, 0.0 minutes, 0.5211784839630127 seconds

Avg val. time: 0.0 hours, 0.0 minutes, 0.8473544120788574 seconds
Avg batch val. time: 0.03530643383661906 seconds
Avg sample val. time: 0.000561161862303879 seconds
Epoch 1 Validation Summary: epoch: 1.000000 | loss: 9592.172962 | 
Epoch 2 Training Summary: epoch: 2.000000 | loss: 5963.932087 | 
Epoch runtime: 0.0 hours, 0.0 minutes, 2.5320873260498047 seconds

Avg epoch train. time: 0.0 hours, 0.0 minutes, 2.5754356384277344 seconds
Avg batch train. time: 0.0468261025168679 seconds
Avg sample train. time: 0.0007373133805976909 seconds
Evaluating on validation set ...
Validation runtime: 0.0 hours, 0.0 minutes, 0.52150559425354 seconds

Avg val. time: 0.0 hours, 0.0 minutes, 0.7387381394704183 seconds
Avg batch val. time: 0.03078075581126743 seconds
Avg sample val. time: 0.0004892305559406744 seconds
Epoch 2 Validation Summary: epoch: 2.000000 | loss: 3072.923833 | 
Epoch 3 Training Summary: epoch: 3.000000 | loss: 1981.499984 | 
Epoch runtime: 0.0 hours, 0.0 minutes, 2.5362839698791504 seconds

Avg epoch train. time: 0.0 hours, 0.0 minutes, 2.562385082244873 seconds
Avg batch train. time: 0.04658881967717951 seconds
Avg sample train. time: 0.0007335771778542436 seconds
Epoch 4 Training Summary: epoch: 4.000000 | loss: 1699.999955 | 
Epoch runtime: 0.0 hours, 0.0 minutes, 2.5350842475891113 seconds

Avg epoch train. time: 0.0 hours, 0.0 minutes, 2.5555598735809326 seconds
Avg batch train. time: 0.046464724974198776 seconds
Avg sample train. time: 0.0007316232103008682 seconds
Evaluating on validation set ...
Validation runtime: 0.0 hours, 0.0 minutes, 0.5258147716522217 seconds

Avg val. time: 0.0 hours, 0.0 minutes, 0.6855072975158691 seconds
Avg batch val. time: 0.028562804063161213 seconds
Avg sample val. time: 0.00045397834272574113 seconds
Epoch 4 Validation Summary: epoch: 4.000000 | loss: 1982.245600 | 
Epoch 5 Training Summary: epoch: 5.000000 | loss: 1656.542842 | 
Epoch runtime: 0.0 hours, 0.0 minutes, 2.534409761428833 seconds

Avg epoch train. time: 0.0 hours, 0.0 minutes, 2.5513298511505127 seconds
Avg batch train. time: 0.04638781547546387 seconds
Avg sample train. time: 0.0007304122104639315 seconds
Epoch 6 Training Summary: epoch: 6.000000 | loss: 1624.608939 | 
Epoch runtime: 0.0 hours, 0.0 minutes, 2.5325927734375 seconds

Avg epoch train. time: 0.0 hours, 0.0 minutes, 2.5482070048650107 seconds
Avg batch train. time: 0.04633103645209111 seconds
Avg sample train. time: 0.0007295181806083626 seconds
Evaluating on validation set ...
Validation runtime: 0.0 hours, 0.0 minutes, 0.5239033699035645 seconds

Avg val. time: 0.0 hours, 0.0 minutes, 0.6531865119934082 seconds
Avg batch val. time: 0.027216104666392005 seconds
Avg sample val. time: 0.00043257384900225707 seconds
Epoch 6 Validation Summary: epoch: 6.000000 | loss: 1882.469348 | 
Epoch 7 Training Summary: epoch: 7.000000 | loss: 1604.808708 | 
Epoch runtime: 0.0 hours, 0.0 minutes, 2.536135673522949 seconds

Avg epoch train. time: 0.0 hours, 0.0 minutes, 2.5464825289590016 seconds
Avg batch train. time: 0.04629968234470912 seconds
Avg sample train. time: 0.0007290244858170631 seconds
Epoch 8 Training Summary: epoch: 8.000000 | loss: 1612.975134 | 
Epoch runtime: 0.0 hours, 0.0 minutes, 2.5370075702667236 seconds

Avg epoch train. time: 0.0 hours, 0.0 minutes, 2.545298159122467 seconds
Avg batch train. time: 0.04627814834768122 seconds
Avg sample train. time: 0.0007286854162961543 seconds
Evaluating on validation set ...
Validation runtime: 0.0 hours, 0.0 minutes, 0.5233240127563477 seconds

Avg val. time: 0.0 hours, 0.0 minutes, 0.6315427621205648 seconds
Avg batch val. time: 0.026314281755023535 seconds
Avg sample val. time: 0.00041824023981494357 seconds
Epoch 8 Validation Summary: epoch: 8.000000 | loss: 1931.511922 | 
Epoch 9 Training Summary: epoch: 9.000000 | loss: 1594.993462 | 
Epoch runtime: 0.0 hours, 0.0 minutes, 2.538224935531616 seconds

Avg epoch train. time: 0.0 hours, 0.0 minutes, 2.54451224539015 seconds
Avg batch train. time: 0.046263859007093636 seconds
Avg sample train. time: 0.0007284604195219439 seconds
Epoch 10 Training Summary: epoch: 10.000000 | loss: 1575.740447 | 
Epoch runtime: 0.0 hours, 0.0 minutes, 2.532292604446411 seconds

Avg epoch train. time: 0.0 hours, 0.0 minutes, 2.5432902812957763 seconds
Avg batch train. time: 0.04624164147810502 seconds
Avg sample train. time: 0.0007281105872590256 seconds
Evaluating on validation set ...
Validation runtime: 0.0 hours, 0.0 minutes, 0.5171797275543213 seconds

Avg val. time: 0.0 hours, 0.0 minutes, 0.6152051857539585 seconds
Avg batch val. time: 0.02563354940641494 seconds
Avg sample val. time: 0.0004074206528171911 seconds
Epoch 10 Validation Summary: epoch: 10.000000 | loss: 1971.118625 | 
Epoch 11 Training Summary: epoch: 11.000000 | loss: 1561.762736 | 
Epoch runtime: 0.0 hours, 0.0 minutes, 2.5374693870544434 seconds

Avg epoch train. time: 0.0 hours, 0.0 minutes, 2.542761109092019 seconds
Avg batch train. time: 0.04623202016530944 seconds
Avg sample train. time: 0.0007279590922107126 seconds
Epoch 12 Training Summary: epoch: 12.000000 | loss: 1572.397155 | 
Epoch runtime: 0.0 hours, 0.0 minutes, 2.5324044227600098 seconds

Avg epoch train. time: 0.0 hours, 0.0 minutes, 2.5418980518976846 seconds
Avg batch train. time: 0.04621632821632154 seconds
Avg sample train. time: 0.0007277120102770353 seconds
Evaluating on validation set ...
Validation runtime: 0.0 hours, 0.0 minutes, 0.5242364406585693 seconds

Avg val. time: 0.0 hours, 0.0 minutes, 0.6038340926170349 seconds
Avg batch val. time: 0.02515975385904312 seconds
Avg sample val. time: 0.00039989012756095027 seconds
Epoch 12 Validation Summary: epoch: 12.000000 | loss: 1876.367388 | 
Epoch 13 Training Summary: epoch: 13.000000 | loss: 1555.418350 | 
Epoch runtime: 0.0 hours, 0.0 minutes, 2.538886070251465 seconds

Avg epoch train. time: 0.0 hours, 0.0 minutes, 2.5416663610018215 seconds
Avg batch train. time: 0.04621211565457857 seconds
Avg sample train. time: 0.0007276456802180995 seconds
Epoch 14 Training Summary: epoch: 14.000000 | loss: 1583.059383 | 
Epoch runtime: 0.0 hours, 0.0 minutes, 2.5312347412109375 seconds

Avg epoch train. time: 0.0 hours, 0.0 minutes, 2.540921245302473 seconds
Avg batch train. time: 0.0461985680964086 seconds
Avg sample train. time: 0.0007274323633846187 seconds
Evaluating on validation set ...
Validation runtime: 0.0 hours, 0.0 minutes, 0.5213348865509033 seconds

Avg val. time: 0.0 hours, 0.0 minutes, 0.5946675141652426 seconds
Avg batch val. time: 0.02477781309021844 seconds
Avg sample val. time: 0.0003938195458047964 seconds
Epoch 14 Validation Summary: epoch: 14.000000 | loss: 2044.013616 | 
Epoch 15 Training Summary: epoch: 15.000000 | loss: 1545.846569 | 
Epoch runtime: 0.0 hours, 0.0 minutes, 2.533745288848877 seconds

Avg epoch train. time: 0.0 hours, 0.0 minutes, 2.5404428482055663 seconds
Avg batch train. time: 0.04618986996737393 seconds
Avg sample train. time: 0.0007272954045821833 seconds
Epoch 16 Training Summary: epoch: 16.000000 | loss: 1564.638265 | 
Epoch runtime: 0.0 hours, 0.0 minutes, 2.531115770339966 seconds

Avg epoch train. time: 0.0 hours, 0.0 minutes, 2.5398599058389664 seconds
Avg batch train. time: 0.04617927101525393 seconds
Avg sample train. time: 0.0007271285158428189 seconds
Evaluating on validation set ...
Validation runtime: 0.0 hours, 0.0 minutes, 0.5237541198730469 seconds

Avg val. time: 0.0 hours, 0.0 minutes, 0.587576174736023 seconds
Avg batch val. time: 0.024482340614000956 seconds
Avg sample val. time: 0.00038912329452716753 seconds
Epoch 16 Validation Summary: epoch: 16.000000 | loss: 2038.784927 | 
Epoch 17 Training Summary: epoch: 17.000000 | loss: 1562.484794 | 
Epoch runtime: 0.0 hours, 0.0 minutes, 2.533817768096924 seconds

Avg epoch train. time: 0.0 hours, 0.0 minutes, 2.5395044859717872 seconds
Avg batch train. time: 0.046172808835850676 seconds
Avg sample train. time: 0.000727026763805264 seconds
Epoch 18 Training Summary: epoch: 18.000000 | loss: 1527.587690 | 
Epoch runtime: 0.0 hours, 0.0 minutes, 2.5367987155914307 seconds

Avg epoch train. time: 0.0 hours, 0.0 minutes, 2.539354165395101 seconds
Avg batch train. time: 0.04617007573445638 seconds
Avg sample train. time: 0.0007269837289994563 seconds
Evaluating on validation set ...
Validation runtime: 0.0 hours, 0.0 minutes, 0.5213065147399902 seconds

Avg val. time: 0.0 hours, 0.0 minutes, 0.5815516601909291 seconds
Avg batch val. time: 0.024231319174622044 seconds
Avg sample val. time: 0.00038513354979531725 seconds
Epoch 18 Validation Summary: epoch: 18.000000 | loss: 1959.247841 | 
Epoch 19 Training Summary: epoch: 19.000000 | loss: 1508.852455 | 
Epoch runtime: 0.0 hours, 0.0 minutes, 2.5320069789886475 seconds

Avg epoch train. time: 0.0 hours, 0.0 minutes, 2.5389674713737085 seconds
Avg batch train. time: 0.04616304493406743 seconds
Avg sample train. time: 0.0007268730235825104 seconds
Epoch 20 Training Summary: epoch: 20.000000 | loss: 1520.176012 | 
Epoch runtime: 0.0 hours, 0.0 minutes, 2.5304014682769775 seconds

Avg epoch train. time: 0.0 hours, 0.0 minutes, 2.538539171218872 seconds
Avg batch train. time: 0.04615525765852495 seconds
Avg sample train. time: 0.0007267504068762874 seconds
Evaluating on validation set ...
Validation runtime: 0.0 hours, 0.0 minutes, 0.5201470851898193 seconds

Avg val. time: 0.0 hours, 0.0 minutes, 0.5764346122741699 seconds
Avg batch val. time: 0.02401810884475708 seconds
Avg sample val. time: 0.0003817447763405099 seconds
Epoch 20 Validation Summary: epoch: 20.000000 | loss: 2070.079697 | 
Epoch 21 Training Summary: epoch: 21.000000 | loss: 1469.508273 | 
Epoch runtime: 0.0 hours, 0.0 minutes, 2.532259225845337 seconds

Avg epoch train. time: 0.0 hours, 0.0 minutes, 2.5382401262010847 seconds
Avg batch train. time: 0.04614982047638336 seconds
Avg sample train. time: 0.000726664794217316 seconds
Epoch 22 Training Summary: epoch: 22.000000 | loss: 1479.691329 | 
Epoch runtime: 0.0 hours, 0.0 minutes, 2.533254384994507 seconds

Avg epoch train. time: 0.0 hours, 0.0 minutes, 2.5380135016007856 seconds
Avg batch train. time: 0.046145700029105195 seconds
Avg sample train. time: 0.0007265999145722261 seconds
Evaluating on validation set ...
Validation runtime: 0.0 hours, 0.0 minutes, 0.5230052471160889 seconds

Avg val. time: 0.0 hours, 0.0 minutes, 0.5723246611081637 seconds
Avg batch val. time: 0.023846860879506823 seconds
Avg sample val. time: 0.0003790229543762674 seconds
Epoch 22 Validation Summary: epoch: 22.000000 | loss: 1978.728386 | 
Epoch 23 Training Summary: epoch: 23.000000 | loss: 1469.794692 | 
Epoch runtime: 0.0 hours, 0.0 minutes, 2.5323116779327393 seconds

Avg epoch train. time: 0.0 hours, 0.0 minutes, 2.537765596223914 seconds
Avg batch train. time: 0.04614119265861662 seconds
Avg sample train. time: 0.0007265289425204449 seconds
Epoch 24 Training Summary: epoch: 24.000000 | loss: 1466.922676 | 
Epoch runtime: 0.0 hours, 0.0 minutes, 2.5326123237609863 seconds

Avg epoch train. time: 0.0 hours, 0.0 minutes, 2.5375508765379586 seconds
Avg batch train. time: 0.04613728866432652 seconds
Avg sample train. time: 0.0007264674710958942 seconds
Evaluating on validation set ...
Validation runtime: 0.0 hours, 0.0 minutes, 0.5210733413696289 seconds

Avg val. time: 0.0 hours, 0.0 minutes, 0.5686638525554112 seconds
Avg batch val. time: 0.0236943271898088 seconds
Avg sample val. time: 0.0003765985778512657 seconds
Epoch 24 Validation Summary: epoch: 24.000000 | loss: 2019.880010 | 
Epoch 25 Training Summary: epoch: 25.000000 | loss: 1491.275410 | 
Epoch runtime: 0.0 hours, 0.0 minutes, 2.5361547470092773 seconds

Avg epoch train. time: 0.0 hours, 0.0 minutes, 2.5374950313568116 seconds
Avg batch train. time: 0.04613627329739658 seconds
Avg sample train. time: 0.0007264514833543693 seconds
Epoch 26 Training Summary: epoch: 26.000000 | loss: 1462.495236 | 
Epoch runtime: 0.0 hours, 0.0 minutes, 2.534372329711914 seconds

Avg epoch train. time: 0.0 hours, 0.0 minutes, 2.5373749274473925 seconds
Avg batch train. time: 0.04613408958995259 seconds
Avg sample train. time: 0.000726417099183336 seconds
Evaluating on validation set ...
Validation runtime: 0.0 hours, 0.0 minutes, 0.5202789306640625 seconds

Avg val. time: 0.0 hours, 0.0 minutes, 0.5654381910959879 seconds
Avg batch val. time: 0.023559924628999498 seconds
Avg sample val. time: 0.00037446237820926354 seconds
Epoch 26 Validation Summary: epoch: 26.000000 | loss: 1937.842953 | 
Epoch 27 Training Summary: epoch: 27.000000 | loss: 1463.708001 | 
Epoch runtime: 0.0 hours, 0.0 minutes, 2.5289790630340576 seconds

Avg epoch train. time: 0.0 hours, 0.0 minutes, 2.537063969506158 seconds
Avg batch train. time: 0.046128435809202874 seconds
Avg sample train. time: 0.000726328076010924 seconds
Epoch 28 Training Summary: epoch: 28.000000 | loss: 1424.480075 | 
Epoch runtime: 0.0 hours, 0.0 minutes, 2.531371831893921 seconds

Avg epoch train. time: 0.0 hours, 0.0 minutes, 2.5368606788771495 seconds
Avg batch train. time: 0.04612473961594817 seconds
Avg sample train. time: 0.0007262698765751931 seconds
Evaluating on validation set ...
Validation runtime: 0.0 hours, 0.0 minutes, 0.5181338787078857 seconds

Avg val. time: 0.0 hours, 0.0 minutes, 0.5624816715717316 seconds
Avg batch val. time: 0.023436736315488815 seconds
Avg sample val. time: 0.0003725044182594249 seconds
Epoch 28 Validation Summary: epoch: 28.000000 | loss: 2016.768809 | 
Epoch 29 Training Summary: epoch: 29.000000 | loss: 1436.489756 | 
Epoch runtime: 0.0 hours, 0.0 minutes, 2.530172348022461 seconds

Avg epoch train. time: 0.0 hours, 0.0 minutes, 2.5366300467787117 seconds
Avg batch train. time: 0.046120546305067484 seconds
Avg sample train. time: 0.0007262038496360469 seconds
Epoch 30 Training Summary: epoch: 30.000000 | loss: 1399.618219 | 
Epoch runtime: 0.0 hours, 0.0 minutes, 2.5288021564483643 seconds

Avg epoch train. time: 0.0 hours, 0.0 minutes, 2.5363691171010334 seconds
Avg batch train. time: 0.0461158021291097 seconds
Avg sample train. time: 0.0007261291488980914 seconds
Evaluating on validation set ...
Validation runtime: 0.0 hours, 0.0 minutes, 0.5198094844818115 seconds

Avg val. time: 0.0 hours, 0.0 minutes, 0.5599715429193833 seconds
Avg batch val. time: 0.023332147621640972 seconds
Avg sample val. time: 0.0003708420814035651 seconds
Epoch 30 Validation Summary: epoch: 30.000000 | loss: 2173.056364 | 
Epoch 31 Training Summary: epoch: 31.000000 | loss: 1371.931373 | 
Epoch runtime: 0.0 hours, 0.0 minutes, 2.5251502990722656 seconds

Avg epoch train. time: 0.0 hours, 0.0 minutes, 2.536007219745267 seconds
Avg batch train. time: 0.04610922217718667 seconds
Avg sample train. time: 0.000726025542440672 seconds
Epoch 32 Training Summary: epoch: 32.000000 | loss: 1383.413658 | 
Epoch runtime: 0.0 hours, 0.0 minutes, 2.527614116668701 seconds

Avg epoch train. time: 0.0 hours, 0.0 minutes, 2.535744935274124 seconds
Avg batch train. time: 0.046104453368620436 seconds
Avg sample train. time: 0.0007259504538431503 seconds
Evaluating on validation set ...
Validation runtime: 0.0 hours, 0.0 minutes, 0.5185983180999756 seconds

Avg val. time: 0.0 hours, 0.0 minutes, 0.5576730304294162 seconds
Avg batch val. time: 0.02323637626789234 seconds
Avg sample val. time: 0.0003693198877016001 seconds
Epoch 32 Validation Summary: epoch: 32.000000 | loss: 2093.324029 | 
Epoch 33 Training Summary: epoch: 33.000000 | loss: 1366.615091 | 
Epoch runtime: 0.0 hours, 0.0 minutes, 2.5303921699523926 seconds

Avg epoch train. time: 0.0 hours, 0.0 minutes, 2.5355827302643745 seconds
Avg batch train. time: 0.046101504186624995 seconds
Avg sample train. time: 0.0007259040166803249 seconds
Epoch 34 Training Summary: epoch: 34.000000 | loss: 1339.727747 | 
Epoch runtime: 0.0 hours, 0.0 minutes, 2.5268502235412598 seconds

Avg epoch train. time: 0.0 hours, 0.0 minutes, 2.535325891831342 seconds
Avg batch train. time: 0.04609683439693349 seconds
Avg sample train. time: 0.0007258304872119502 seconds
Evaluating on validation set ...
Validation runtime: 0.0 hours, 0.0 minutes, 0.5183613300323486 seconds

Avg val. time: 0.0 hours, 0.0 minutes, 0.5556039935664127 seconds
Avg batch val. time: 0.023150166398600527 seconds
Avg sample val. time: 0.0003679496646135183 seconds
Epoch 34 Validation Summary: epoch: 34.000000 | loss: 2061.675126 | 
Epoch 35 Training Summary: epoch: 35.000000 | loss: 1345.656254 | 
Epoch runtime: 0.0 hours, 0.0 minutes, 2.526548147201538 seconds

Avg epoch train. time: 0.0 hours, 0.0 minutes, 2.535075099127633 seconds
Avg batch train. time: 0.04609227452959333 seconds
Avg sample train. time: 0.0007257586885564367 seconds
Epoch 36 Training Summary: epoch: 36.000000 | loss: 1366.737676 | 
Epoch runtime: 0.0 hours, 0.0 minutes, 2.5294649600982666 seconds

Avg epoch train. time: 0.0 hours, 0.0 minutes, 2.534919261932373 seconds
Avg batch train. time: 0.04608944112604314 seconds
Avg sample train. time: 0.0007257140744152227 seconds
Evaluating on validation set ...
Validation runtime: 0.0 hours, 0.0 minutes, 0.5204770565032959 seconds

Avg val. time: 0.0 hours, 0.0 minutes, 0.5538476467132568 seconds
Avg batch val. time: 0.023076985279719034 seconds
Avg sample val. time: 0.0003667865210021568 seconds
Epoch 36 Validation Summary: epoch: 36.000000 | loss: 2048.751296 | 
Epoch 37 Training Summary: epoch: 37.000000 | loss: 1337.417194 | 
Epoch runtime: 0.0 hours, 0.0 minutes, 2.5292561054229736 seconds

Avg epoch train. time: 0.0 hours, 0.0 minutes, 2.5347662036483354 seconds
Avg batch train. time: 0.04608665824815155 seconds
Avg sample train. time: 0.0007256702558397753 seconds
Epoch 38 Training Summary: epoch: 38.000000 | loss: 1330.865981 | 
Epoch runtime: 0.0 hours, 0.0 minutes, 2.526093006134033 seconds

Avg epoch train. time: 0.0 hours, 0.0 minutes, 2.534537961608485 seconds
Avg batch train. time: 0.04608250839288155 seconds
Avg sample train. time: 0.000725604913142996 seconds
Evaluating on validation set ...
Validation runtime: 0.0 hours, 0.0 minutes, 0.5229427814483643 seconds

Avg val. time: 0.0 hours, 0.0 minutes, 0.5523759864625477 seconds
Avg batch val. time: 0.023015666102606153 seconds
Avg sample val. time: 0.00036581191156460116 seconds
Epoch 38 Validation Summary: epoch: 38.000000 | loss: 2185.753218 | 
Epoch 39 Training Summary: epoch: 39.000000 | loss: 1300.379203 | 
Epoch runtime: 0.0 hours, 0.0 minutes, 2.540027141571045 seconds

Avg epoch train. time: 0.0 hours, 0.0 minutes, 2.5346787098126535 seconds
Avg batch train. time: 0.046085067451139154 seconds
Avg sample train. time: 0.0007256452075043383 seconds
Epoch 40 Training Summary: epoch: 40.000000 | loss: 1289.417517 | 
Epoch runtime: 0.0 hours, 0.0 minutes, 2.5330421924591064 seconds

Avg epoch train. time: 0.0 hours, 0.0 minutes, 2.5346377968788145 seconds
Avg batch train. time: 0.04608432357961481 seconds
Avg sample train. time: 0.0007256334946689993 seconds
Evaluating on validation set ...
Validation runtime: 0.0 hours, 0.0 minutes, 0.5231974124908447 seconds

Avg val. time: 0.0 hours, 0.0 minutes, 0.5510496876456521 seconds
Avg batch val. time: 0.022960403651902172 seconds
Avg sample val. time: 0.000364933567977253 seconds
Epoch 40 Validation Summary: epoch: 40.000000 | loss: 2121.196534 | 
Epoch 41 Training Summary: epoch: 41.000000 | loss: 1265.504189 | 
Epoch runtime: 0.0 hours, 0.0 minutes, 2.5351996421813965 seconds

Avg epoch train. time: 0.0 hours, 0.0 minutes, 2.5346515004227803 seconds
Avg batch train. time: 0.04608457273495964 seconds
Avg sample train. time: 0.0007256374178135644 seconds
Epoch 42 Training Summary: epoch: 42.000000 | loss: 1251.680947 | 
Epoch runtime: 0.0 hours, 0.0 minutes, 2.5302157402038574 seconds

Avg epoch train. time: 0.0 hours, 0.0 minutes, 2.534545887084234 seconds
Avg batch train. time: 0.04608265249244062 seconds
Avg sample train. time: 0.0007256071821025577 seconds
Evaluating on validation set ...
Validation runtime: 0.0 hours, 0.0 minutes, 0.5197272300720215 seconds

Avg val. time: 0.0 hours, 0.0 minutes, 0.5496878416641898 seconds
Avg batch val. time: 0.022903660069341244 seconds
Avg sample val. time: 0.00036403168322131775 seconds
Epoch 42 Validation Summary: epoch: 42.000000 | loss: 2191.193431 | 
Epoch 43 Training Summary: epoch: 43.000000 | loss: 1271.888186 | 
Epoch runtime: 0.0 hours, 0.0 minutes, 2.5303077697753906 seconds

Avg epoch train. time: 0.0 hours, 0.0 minutes, 2.5344473262165867 seconds
Avg batch train. time: 0.046080860476665216 seconds
Avg sample train. time: 0.0007255789654212959 seconds
Epoch 44 Training Summary: epoch: 44.000000 | loss: 1247.621223 | 
Epoch runtime: 0.0 hours, 0.0 minutes, 2.53118896484375 seconds

Avg epoch train. time: 0.0 hours, 0.0 minutes, 2.5343732725490224 seconds
Avg batch train. time: 0.04607951404634586 seconds
Avg sample train. time: 0.0007255577648293795 seconds
Evaluating on validation set ...
Validation runtime: 0.0 hours, 0.0 minutes, 0.5190246105194092 seconds

Avg val. time: 0.0 hours, 0.0 minutes, 0.5484102070331573 seconds
Avg batch val. time: 0.02285042529304822 seconds
Avg sample val. time: 0.00036318556757162736 seconds
Epoch 44 Validation Summary: epoch: 44.000000 | loss: 2127.701556 | 
Epoch 45 Training Summary: epoch: 45.000000 | loss: 1240.876691 | 
Epoch runtime: 0.0 hours, 0.0 minutes, 2.5290987491607666 seconds

Avg epoch train. time: 0.0 hours, 0.0 minutes, 2.5342560609181723 seconds
Avg batch train. time: 0.04607738292578495 seconds
Avg sample train. time: 0.0007255242086796944 seconds
Epoch 46 Training Summary: epoch: 46.000000 | loss: 1224.414510 | 
Epoch runtime: 0.0 hours, 0.0 minutes, 2.5297560691833496 seconds

Avg epoch train. time: 0.0 hours, 0.0 minutes, 2.5341582350108935 seconds
Avg batch train. time: 0.046075604272925334 seconds
Avg sample train. time: 0.0007254962024079283 seconds
Evaluating on validation set ...
Validation runtime: 0.0 hours, 0.0 minutes, 0.5218327045440674 seconds

Avg val. time: 0.0 hours, 0.0 minutes, 0.5473471069335938 seconds
Avg batch val. time: 0.02280612945556641 seconds
Avg sample val. time: 0.00036248152777059193 seconds
Epoch 46 Validation Summary: epoch: 46.000000 | loss: 2289.656456 | 
Epoch 47 Training Summary: epoch: 47.000000 | loss: 1207.799650 | 
Epoch runtime: 0.0 hours, 0.0 minutes, 2.528927803039551 seconds

Avg epoch train. time: 0.0 hours, 0.0 minutes, 2.534046949224269 seconds
Avg batch train. time: 0.046073580894986706 seconds
Avg sample train. time: 0.000725464342749576 seconds
Epoch 48 Training Summary: epoch: 48.000000 | loss: 1199.262185 | 
Epoch runtime: 0.0 hours, 0.0 minutes, 2.5296521186828613 seconds

Avg epoch train. time: 0.0 hours, 0.0 minutes, 2.5339553902546563 seconds
Avg batch train. time: 0.0460719161864483 seconds
Avg sample train. time: 0.0007254381306197127 seconds
Evaluating on validation set ...
Validation runtime: 0.0 hours, 0.0 minutes, 0.5169026851654053 seconds

Avg val. time: 0.0 hours, 0.0 minutes, 0.5461761676348172 seconds
Avg batch val. time: 0.022757340318117384 seconds
Avg sample val. time: 0.0003617060712813359 seconds
Epoch 48 Validation Summary: epoch: 48.000000 | loss: 2132.186362 | 
Epoch 49 Training Summary: epoch: 49.000000 | loss: 1185.692312 | 
Epoch runtime: 0.0 hours, 0.0 minutes, 2.523573637008667 seconds

Avg epoch train. time: 0.0 hours, 0.0 minutes, 2.533743517739432 seconds
Avg batch train. time: 0.046068063958898765 seconds
Avg sample train. time: 0.000725377474302729 seconds
Epoch 50 Training Summary: epoch: 50.000000 | loss: 1194.960646 | 
Epoch runtime: 0.0 hours, 0.0 minutes, 2.527986526489258 seconds

Avg epoch train. time: 0.0 hours, 0.0 minutes, 2.533628377914429 seconds
Avg batch train. time: 0.04606597050753507 seconds
Avg sample train. time: 0.000725344511283833 seconds
Evaluating on validation set ...
Validation runtime: 0.0 hours, 0.0 minutes, 0.5212967395782471 seconds

Avg val. time: 0.0 hours, 0.0 minutes, 0.5452547073364258 seconds
Avg batch val. time: 0.022718946139017742 seconds
Avg sample val. time: 0.00036109583267312964 seconds
Epoch 50 Validation Summary: epoch: 50.000000 | loss: 2192.189657 | 
Epoch 51 Training Summary: epoch: 51.000000 | loss: 1164.901626 | 
Epoch runtime: 0.0 hours, 0.0 minutes, 2.5285205841064453 seconds

Avg epoch train. time: 0.0 hours, 0.0 minutes, 2.5335282250946642 seconds
Avg batch train. time: 0.04606414954717571 seconds
Avg sample train. time: 0.0007253158388475993 seconds
Epoch 52 Training Summary: epoch: 52.000000 | loss: 1169.928902 | 
Epoch runtime: 0.0 hours, 0.0 minutes, 2.5257279872894287 seconds

Avg epoch train. time: 0.0 hours, 0.0 minutes, 2.5333782205214868 seconds
Avg batch train. time: 0.04606142219129976 seconds
Avg sample train. time: 0.0007252728945094436 seconds
Evaluating on validation set ...
Validation runtime: 0.0 hours, 0.0 minutes, 0.5182061195373535 seconds

Avg val. time: 0.0 hours, 0.0 minutes, 0.5442886863436017 seconds
Avg batch val. time: 0.022678695264316737 seconds
Avg sample val. time: 0.0003604560836712594 seconds
Epoch 52 Validation Summary: epoch: 52.000000 | loss: 2286.459682 | 
Epoch 53 Training Summary: epoch: 53.000000 | loss: 1157.065068 | 
Epoch runtime: 0.0 hours, 0.0 minutes, 2.52620005607605 seconds

Avg epoch train. time: 0.0 hours, 0.0 minutes, 2.5332427834564784 seconds
Avg batch train. time: 0.046058959699208694 seconds
Avg sample train. time: 0.0007252341206574515 seconds
Epoch 54 Training Summary: epoch: 54.000000 | loss: 1168.269178 | 
Epoch runtime: 0.0 hours, 0.0 minutes, 2.5303070545196533 seconds

Avg epoch train. time: 0.0 hours, 0.0 minutes, 2.5331884181057966 seconds
Avg batch train. time: 0.04605797123828721 seconds
Avg sample train. time: 0.000725218556571943 seconds
Evaluating on validation set ...
Validation runtime: 0.0 hours, 0.0 minutes, 0.5186629295349121 seconds

Avg val. time: 0.0 hours, 0.0 minutes, 0.5434050395570952 seconds
Avg batch val. time: 0.022641876648212298 seconds
Avg sample val. time: 0.0003598708871239041 seconds
Epoch 54 Validation Summary: epoch: 54.000000 | loss: 2263.247109 | 
Epoch 55 Training Summary: epoch: 55.000000 | loss: 1144.134154 | 
Epoch runtime: 0.0 hours, 0.0 minutes, 2.528306722640991 seconds

Avg epoch train. time: 0.0 hours, 0.0 minutes, 2.5330996600064366 seconds
Avg batch train. time: 0.04605635745466248 seconds
Avg sample train. time: 0.0007251931462944279 seconds
Epoch 56 Training Summary: epoch: 56.000000 | loss: 1120.065055 | 
Epoch runtime: 0.0 hours, 0.0 minutes, 2.528740644454956 seconds

Avg epoch train. time: 0.0 hours, 0.0 minutes, 2.5330218204430173 seconds
Avg batch train. time: 0.04605494218987304 seconds
Avg sample train. time: 0.0007251708618502769 seconds
Evaluating on validation set ...
Validation runtime: 0.0 hours, 0.0 minutes, 0.5185098648071289 seconds

Avg val. time: 0.0 hours, 0.0 minutes, 0.5425752003987631 seconds
Avg batch val. time: 0.022607300016615126 seconds
Avg sample val. time: 0.00035932132476739273 seconds
Epoch 56 Validation Summary: epoch: 56.000000 | loss: 2446.279389 | 
Epoch 57 Training Summary: epoch: 57.000000 | loss: 1126.389000 | 
Epoch runtime: 0.0 hours, 0.0 minutes, 2.5280282497406006 seconds

Avg epoch train. time: 0.0 hours, 0.0 minutes, 2.532934213939466 seconds
Avg batch train. time: 0.04605334934435393 seconds
Avg sample train. time: 0.0007251457812595093 seconds
Epoch 58 Training Summary: epoch: 58.000000 | loss: 1138.799043 | 
Epoch runtime: 0.0 hours, 0.0 minutes, 2.5299789905548096 seconds

Avg epoch train. time: 0.0 hours, 0.0 minutes, 2.5328832618121444 seconds
Avg batch train. time: 0.04605242294203899 seconds
Avg sample train. time: 0.0007251311943349969 seconds
Evaluating on validation set ...
Validation runtime: 0.0 hours, 0.0 minutes, 0.5186939239501953 seconds

Avg val. time: 0.0 hours, 0.0 minutes, 0.5418048366423576 seconds
Avg batch val. time: 0.0225752015267649 seconds
Avg sample val. time: 0.00035881115009427653 seconds
Epoch 58 Validation Summary: epoch: 58.000000 | loss: 2213.037525 | 
Epoch 59 Training Summary: epoch: 59.000000 | loss: 1086.434131 | 
Epoch runtime: 0.0 hours, 0.0 minutes, 2.5280003547668457 seconds

Avg epoch train. time: 0.0 hours, 0.0 minutes, 2.5328005006757834 seconds
Avg batch train. time: 0.04605091819410515 seconds
Avg sample train. time: 0.000725107500909185 seconds
Epoch 60 Training Summary: epoch: 60.000000 | loss: 1074.914408 | 
Epoch runtime: 0.0 hours, 0.0 minutes, 2.5286693572998047 seconds

Avg epoch train. time: 0.0 hours, 0.0 minutes, 2.5327316482861835 seconds
Avg batch train. time: 0.046049666332476064 seconds
Avg sample train. time: 0.000725087789374802 seconds
Evaluating on validation set ...
Validation runtime: 0.0 hours, 0.0 minutes, 0.5176961421966553 seconds

Avg val. time: 0.0 hours, 0.0 minutes, 0.5410514399409294 seconds
Avg batch val. time: 0.022543809997538727 seconds
Avg sample val. time: 0.0003583122118814102 seconds
Epoch 60 Validation Summary: epoch: 60.000000 | loss: 2344.750230 | 
Epoch 61 Training Summary: epoch: 61.000000 | loss: 1048.991297 | 
Epoch runtime: 0.0 hours, 0.0 minutes, 2.5292811393737793 seconds

Avg epoch train. time: 0.0 hours, 0.0 minutes, 2.5326750825663082 seconds
Avg batch train. time: 0.046048637864841965 seconds
Avg sample train. time: 0.0007250715953525074 seconds
Epoch 62 Training Summary: epoch: 62.000000 | loss: 1066.281227 | 
Epoch runtime: 0.0 hours, 0.0 minutes, 2.5291826725006104 seconds

Avg epoch train. time: 0.0 hours, 0.0 minutes, 2.5326187533717 seconds
Avg batch train. time: 0.04604761369766727 seconds
Avg sample train. time: 0.0007250554690442886 seconds
Evaluating on validation set ...
Validation runtime: 0.0 hours, 0.0 minutes, 0.518906831741333 seconds

Avg val. time: 0.0 hours, 0.0 minutes, 0.5403803912076083 seconds
Avg batch val. time: 0.022515849633650345 seconds
Avg sample val. time: 0.0003578678087467605 seconds
Epoch 62 Validation Summary: epoch: 62.000000 | loss: 2156.651151 | 
Epoch 63 Training Summary: epoch: 63.000000 | loss: 1047.199674 | 
Epoch runtime: 0.0 hours, 0.0 minutes, 2.5283007621765137 seconds

Avg epoch train. time: 0.0 hours, 0.0 minutes, 2.5325502138289195 seconds
Avg batch train. time: 0.04604636752416218 seconds
Avg sample train. time: 0.000725035847073839 seconds
Epoch 64 Training Summary: epoch: 64.000000 | loss: 1070.544739 | 
Epoch runtime: 0.0 hours, 0.0 minutes, 2.5274882316589355 seconds

Avg epoch train. time: 0.0 hours, 0.0 minutes, 2.5324711203575134 seconds
Avg batch train. time: 0.0460449294610457 seconds
Avg sample train. time: 0.0007250132036523085 seconds
Evaluating on validation set ...
Validation runtime: 0.0 hours, 0.0 minutes, 0.5210545063018799 seconds

Avg val. time: 0.0 hours, 0.0 minutes, 0.5398119828280281 seconds
Avg batch val. time: 0.022492165951167837 seconds
Avg sample val. time: 0.00035749137935631 seconds
Epoch 64 Validation Summary: epoch: 64.000000 | loss: 2342.966601 | 
Epoch 65 Training Summary: epoch: 65.000000 | loss: 1024.667744 | 
Epoch runtime: 0.0 hours, 0.0 minutes, 2.5328218936920166 seconds

Avg epoch train. time: 0.0 hours, 0.0 minutes, 2.532476516870352 seconds
Avg batch train. time: 0.04604502757946094 seconds
Avg sample train. time: 0.0007250147486030209 seconds
Epoch 66 Training Summary: epoch: 66.000000 | loss: 1008.628423 | 
Epoch runtime: 0.0 hours, 0.0 minutes, 2.5259931087493896 seconds

Avg epoch train. time: 0.0 hours, 0.0 minutes, 2.5323782834139736 seconds
Avg batch train. time: 0.046043241516617706 seconds
Avg sample train. time: 0.0007249866256553031 seconds
Evaluating on validation set ...
Validation runtime: 0.0 hours, 0.0 minutes, 0.5205435752868652 seconds

Avg val. time: 0.0 hours, 0.0 minutes, 0.5392614568982805 seconds
Avg batch val. time: 0.02246922737076169 seconds
Avg sample val. time: 0.0003571267926478679 seconds
Epoch 66 Validation Summary: epoch: 66.000000 | loss: 2501.444575 | 
Epoch 67 Training Summary: epoch: 67.000000 | loss: 1019.300007 | 
Epoch runtime: 0.0 hours, 0.0 minutes, 2.5278470516204834 seconds

Avg epoch train. time: 0.0 hours, 0.0 minutes, 2.5323106530886976 seconds
Avg batch train. time: 0.046042011874339955 seconds
Avg sample train. time: 0.0007249672639818773 seconds
Epoch 68 Training Summary: epoch: 68.000000 | loss: 1024.194051 | 
Epoch runtime: 0.0 hours, 0.0 minutes, 2.530759572982788 seconds

Avg epoch train. time: 0.0 hours, 0.0 minutes, 2.5322878430871403 seconds
Avg batch train. time: 0.04604159714703891 seconds
Avg sample train. time: 0.0007249607337781679 seconds
Evaluating on validation set ...
Validation runtime: 0.0 hours, 0.0 minutes, 0.5183711051940918 seconds

Avg val. time: 0.0 hours, 0.0 minutes, 0.538681169350942 seconds
Avg batch val. time: 0.022445048722955916 seconds
Avg sample val. time: 0.000356742496258902 seconds
Epoch 68 Validation Summary: epoch: 68.000000 | loss: 2370.843557 | 
Epoch 69 Training Summary: epoch: 69.000000 | loss: 987.591246 | 
Epoch runtime: 0.0 hours, 0.0 minutes, 2.528662919998169 seconds

Avg epoch train. time: 0.0 hours, 0.0 minutes, 2.5322353079699087 seconds
Avg batch train. time: 0.04604064196308925 seconds
Avg sample train. time: 0.0007249456936644457 seconds
Epoch 70 Training Summary: epoch: 70.000000 | loss: 963.919146 | 
Epoch runtime: 0.0 hours, 0.0 minutes, 2.5301706790924072 seconds

Avg epoch train. time: 0.0 hours, 0.0 minutes, 2.5322058132716587 seconds
Avg batch train. time: 0.04604010569584834 seconds
Avg sample train. time: 0.0007249372497199137 seconds
Evaluating on validation set ...
Validation runtime: 0.0 hours, 0.0 minutes, 0.5160212516784668 seconds

Avg val. time: 0.0 hours, 0.0 minutes, 0.5380687391435778 seconds
Avg batch val. time: 0.022419530797649075 seconds
Avg sample val. time: 0.00035633691334011774 seconds
Epoch 70 Validation Summary: epoch: 70.000000 | loss: 2494.401545 | 
Epoch 71 Training Summary: epoch: 71.000000 | loss: 954.221849 | 
Epoch runtime: 0.0 hours, 0.0 minutes, 2.5256216526031494 seconds

Avg epoch train. time: 0.0 hours, 0.0 minutes, 2.5321130786143558 seconds
Avg batch train. time: 0.046038419611170105 seconds
Avg sample train. time: 0.0007249107010061139 seconds
Epoch 72 Training Summary: epoch: 72.000000 | loss: 964.349981 | 
Epoch runtime: 0.0 hours, 0.0 minutes, 2.527768135070801 seconds

Avg epoch train. time: 0.0 hours, 0.0 minutes, 2.532052732176251 seconds
Avg batch train. time: 0.046037322403204566 seconds
Avg sample train. time: 0.0007248934246138709 seconds
Evaluating on validation set ...
Validation runtime: 0.0 hours, 0.0 minutes, 0.5192971229553223 seconds

Avg val. time: 0.0 hours, 0.0 minutes, 0.5375747492438868 seconds
Avg batch val. time: 0.02239894788516195 seconds
Avg sample val. time: 0.0003560097677111833 seconds
Epoch 72 Validation Summary: epoch: 72.000000 | loss: 2167.190650 | 
Epoch 73 Training Summary: epoch: 73.000000 | loss: 950.201507 | 
Epoch runtime: 0.0 hours, 0.0 minutes, 2.5281260013580322 seconds

Avg epoch train. time: 0.0 hours, 0.0 minutes, 2.5319989413431245 seconds
Avg batch train. time: 0.04603634438805681 seconds
Avg sample train. time: 0.0007248780250051888 seconds
Epoch 74 Training Summary: epoch: 74.000000 | loss: 931.328603 | 
Epoch runtime: 0.0 hours, 0.0 minutes, 2.5314347743988037 seconds

Avg epoch train. time: 0.0 hours, 0.0 minutes, 2.5319913174654984 seconds
Avg batch train. time: 0.04603620577209997 seconds
Avg sample train. time: 0.0007248758423892065 seconds
Evaluating on validation set ...
Validation runtime: 0.0 hours, 0.0 minutes, 0.5145196914672852 seconds

Avg val. time: 0.0 hours, 0.0 minutes, 0.5369835939162817 seconds
Avg batch val. time: 0.022374316413178403 seconds
Avg sample val. time: 0.00035561827411674285 seconds
Epoch 74 Validation Summary: epoch: 74.000000 | loss: 2440.701158 | 
Epoch 75 Training Summary: epoch: 75.000000 | loss: 924.070746 | 
Epoch runtime: 0.0 hours, 0.0 minutes, 2.529907703399658 seconds

Avg epoch train. time: 0.0 hours, 0.0 minutes, 2.531963535944621 seconds
Avg batch train. time: 0.04603570065353856 seconds
Avg sample train. time: 0.0007248678889048442 seconds
Epoch 76 Training Summary: epoch: 76.000000 | loss: 904.686260 | 
Epoch runtime: 0.0 hours, 0.0 minutes, 2.530137777328491 seconds

Avg epoch train. time: 0.0 hours, 0.0 minutes, 2.531939512804935 seconds
Avg batch train. time: 0.04603526386918064 seconds
Avg sample train. time: 0.0007248610113956298 seconds
Evaluating on validation set ...
Validation runtime: 0.0 hours, 0.0 minutes, 0.5199553966522217 seconds

Avg val. time: 0.0 hours, 0.0 minutes, 0.5365578889846802 seconds
Avg batch val. time: 0.022356578707695005 seconds
Avg sample val. time: 0.0003553363503209802 seconds
Epoch 76 Validation Summary: epoch: 76.000000 | loss: 2231.576687 | 
Epoch 77 Training Summary: epoch: 77.000000 | loss: 896.652904 | 
Epoch runtime: 0.0 hours, 0.0 minutes, 2.528395175933838 seconds

Avg epoch train. time: 0.0 hours, 0.0 minutes, 2.5318934824559594 seconds
Avg batch train. time: 0.04603442695374472 seconds
Avg sample train. time: 0.000724847833511583 seconds
Epoch 78 Training Summary: epoch: 78.000000 | loss: 914.628432 | 
Epoch runtime: 0.0 hours, 0.0 minutes, 2.5295844078063965 seconds

Avg epoch train. time: 0.0 hours, 0.0 minutes, 2.531863878934811 seconds
Avg batch train. time: 0.04603388870790566 seconds
Avg sample train. time: 0.0007248393584124853 seconds
Evaluating on validation set ...
Validation runtime: 0.0 hours, 0.0 minutes, 0.518010139465332 seconds

Avg val. time: 0.0 hours, 0.0 minutes, 0.5361055048500619 seconds
Avg batch val. time: 0.02233772936875258 seconds
Avg sample val. time: 0.00035503675817884895 seconds
Epoch 78 Validation Summary: epoch: 78.000000 | loss: 2373.800735 | 
Epoch 79 Training Summary: epoch: 79.000000 | loss: 891.682345 | 
Epoch runtime: 0.0 hours, 0.0 minutes, 2.5299723148345947 seconds

Avg epoch train. time: 0.0 hours, 0.0 minutes, 2.5318399350854417 seconds
Avg batch train. time: 0.046033453365189846 seconds
Avg sample train. time: 0.0007248325036030465 seconds
Epoch 80 Training Summary: epoch: 80.000000 | loss: 876.211526 | 
Epoch runtime: 0.0 hours, 0.0 minutes, 2.526182174682617 seconds

Avg epoch train. time: 0.0 hours, 0.0 minutes, 2.5317692130804064 seconds
Avg batch train. time: 0.04603216751055284 seconds
Avg sample train. time: 0.0007248122568223322 seconds
Evaluating on validation set ...
Validation runtime: 0.0 hours, 0.0 minutes, 0.5195050239562988 seconds

Avg val. time: 0.0 hours, 0.0 minutes, 0.5357102553049723 seconds
Avg batch val. time: 0.022321260637707178 seconds
Avg sample val. time: 0.0003547750035132267 seconds
Epoch 80 Validation Summary: epoch: 80.000000 | loss: 2624.892572 | 
Epoch 81 Training Summary: epoch: 81.000000 | loss: 860.839040 | 
Epoch runtime: 0.0 hours, 0.0 minutes, 2.5288188457489014 seconds

Avg epoch train. time: 0.0 hours, 0.0 minutes, 2.531732788792363 seconds
Avg batch train. time: 0.04603150525077023 seconds
Avg sample train. time: 0.0007248018290273011 seconds
Epoch 82 Training Summary: epoch: 82.000000 | loss: 868.157256 | 
Epoch runtime: 0.0 hours, 0.0 minutes, 2.5249686241149902 seconds

Avg epoch train. time: 0.0 hours, 0.0 minutes, 2.5316502989792244 seconds
Avg batch train. time: 0.0460300054359859 seconds
Avg sample train. time: 0.0007247782132777626 seconds
Evaluating on validation set ...
Validation runtime: 0.0 hours, 0.0 minutes, 0.5178589820861816 seconds

Avg val. time: 0.0 hours, 0.0 minutes, 0.5352951094161632 seconds
Avg batch val. time: 0.022303962892340132 seconds
Avg sample val. time: 0.0003545000724610352 seconds
Epoch 82 Validation Summary: epoch: 82.000000 | loss: 2398.197083 | 
Epoch 83 Training Summary: epoch: 83.000000 | loss: 860.767074 | 
Epoch runtime: 0.0 hours, 0.0 minutes, 2.525683641433716 seconds

Avg epoch train. time: 0.0 hours, 0.0 minutes, 2.531578411538917 seconds
Avg batch train. time: 0.04602869839161667 seconds
Avg sample train. time: 0.0007247576328482441 seconds
Epoch 84 Training Summary: epoch: 84.000000 | loss: 850.551884 | 
Epoch runtime: 0.0 hours, 0.0 minutes, 2.526451587677002 seconds

Avg epoch train. time: 0.0 hours, 0.0 minutes, 2.531517377921513 seconds
Avg batch train. time: 0.046027588689482056 seconds
Avg sample train. time: 0.0007247401597255979 seconds
Evaluating on validation set ...
Validation runtime: 0.0 hours, 0.0 minutes, 0.5200529098510742 seconds

Avg val. time: 0.0 hours, 0.0 minutes, 0.534948695789684 seconds
Avg batch val. time: 0.02228952899123683 seconds
Avg sample val. time: 0.00035427065946336684 seconds
Epoch 84 Validation Summary: epoch: 84.000000 | loss: 2471.084947 | 
Epoch 85 Training Summary: epoch: 85.000000 | loss: 828.375188 | 
Epoch runtime: 0.0 hours, 0.0 minutes, 2.5288548469543457 seconds

Avg epoch train. time: 0.0 hours, 0.0 minutes, 2.531486054027782 seconds
Avg batch train. time: 0.04602701916414149 seconds
Avg sample train. time: 0.0007247311921064363 seconds
Epoch 86 Training Summary: epoch: 86.000000 | loss: 833.605227 | 
Epoch runtime: 0.0 hours, 0.0 minutes, 2.5282721519470215 seconds

Avg epoch train. time: 0.0 hours, 0.0 minutes, 2.5314486830733545 seconds
Avg batch train. time: 0.04602633969224281 seconds
Avg sample train. time: 0.0007247204932932592 seconds
Evaluating on validation set ...
Validation runtime: 0.0 hours, 0.0 minutes, 0.5161371231079102 seconds

Avg val. time: 0.0 hours, 0.0 minutes, 0.5345306608412 seconds
Avg batch val. time: 0.022272110868383335 seconds
Avg sample val. time: 0.00035399381512662254 seconds
Epoch 86 Validation Summary: epoch: 86.000000 | loss: 2530.662285 | 
Epoch 87 Training Summary: epoch: 87.000000 | loss: 824.144724 | 
Epoch runtime: 0.0 hours, 0.0 minutes, 2.5284318923950195 seconds

Avg epoch train. time: 0.0 hours, 0.0 minutes, 2.531414007318431 seconds
Avg batch train. time: 0.04602570922397147 seconds
Avg sample train. time: 0.0007247105660802837 seconds
Epoch 88 Training Summary: epoch: 88.000000 | loss: 812.363466 | 
Epoch runtime: 0.0 hours, 0.0 minutes, 2.5266945362091064 seconds

Avg epoch train. time: 0.0 hours, 0.0 minutes, 2.531360376964916 seconds
Avg batch train. time: 0.04602473412663484 seconds
Avg sample train. time: 0.0007246952124148056 seconds
Evaluating on validation set ...
Validation runtime: 0.0 hours, 0.0 minutes, 0.5200104713439941 seconds

Avg val. time: 0.0 hours, 0.0 minutes, 0.5342150045477826 seconds
Avg batch val. time: 0.022258958522824276 seconds
Avg sample val. time: 0.0003537847712236971 seconds
Epoch 88 Validation Summary: epoch: 88.000000 | loss: 2458.755693 | 
Epoch 89 Training Summary: epoch: 89.000000 | loss: 814.818983 | 
Epoch runtime: 0.0 hours, 0.0 minutes, 2.5283830165863037 seconds

Avg epoch train. time: 0.0 hours, 0.0 minutes, 2.5313269234775158 seconds
Avg batch train. time: 0.046024125881409375 seconds
Avg sample train. time: 0.0007246856351209607 seconds
Epoch 90 Training Summary: epoch: 90.000000 | loss: 791.108406 | 
Epoch runtime: 0.0 hours, 0.0 minutes, 2.5294671058654785 seconds

Avg epoch train. time: 0.0 hours, 0.0 minutes, 2.531306258837382 seconds
Avg batch train. time: 0.04602375016067967 seconds
Avg sample train. time: 0.0007246797191060356 seconds
Evaluating on validation set ...
Validation runtime: 0.0 hours, 0.0 minutes, 0.5205011367797852 seconds

Avg val. time: 0.0 hours, 0.0 minutes, 0.5339232201271868 seconds
Avg batch val. time: 0.022246800838632785 seconds
Avg sample val. time: 0.00035359153650807077 seconds
Epoch 90 Validation Summary: epoch: 90.000000 | loss: 2427.807423 | 
Epoch 91 Training Summary: epoch: 91.000000 | loss: 794.981173 | 
Epoch runtime: 0.0 hours, 0.0 minutes, 2.5307364463806152 seconds

Avg epoch train. time: 0.0 hours, 0.0 minutes, 2.531299997162033 seconds
Avg batch train. time: 0.046023636312036965 seconds
Avg sample train. time: 0.0007246779264706651 seconds
Epoch 92 Training Summary: epoch: 92.000000 | loss: 772.681344 | 
Epoch runtime: 0.0 hours, 0.0 minutes, 2.5310356616973877 seconds

Avg epoch train. time: 0.0 hours, 0.0 minutes, 2.5312971239504605 seconds
Avg batch train. time: 0.04602358407182655 seconds
Avg sample train. time: 0.0007246771039079474 seconds
Evaluating on validation set ...
Validation runtime: 0.0 hours, 0.0 minutes, 0.5200650691986084 seconds

Avg val. time: 0.0 hours, 0.0 minutes, 0.5336345086495081 seconds
Avg batch val. time: 0.022234771193729505 seconds
Avg sample val. time: 0.00035340033685397887 seconds
Epoch 92 Validation Summary: epoch: 92.000000 | loss: 2509.470056 | 
Epoch 93 Training Summary: epoch: 93.000000 | loss: 764.715363 | 
Epoch runtime: 0.0 hours, 0.0 minutes, 2.5298092365264893 seconds

Avg epoch train. time: 0.0 hours, 0.0 minutes, 2.5312811251609557 seconds
Avg batch train. time: 0.04602329318474465 seconds
Avg sample train. time: 0.0007246725236647455 seconds
Epoch 94 Training Summary: epoch: 94.000000 | loss: 750.633376 | 
Epoch runtime: 0.0 hours, 0.0 minutes, 2.5308477878570557 seconds

Avg epoch train. time: 0.0 hours, 0.0 minutes, 2.5312765151896377 seconds
Avg batch train. time: 0.046023209367084324 seconds
Avg sample train. time: 0.0007246712038905347 seconds
Evaluating on validation set ...
Validation runtime: 0.0 hours, 0.0 minutes, 0.522172212600708 seconds

Avg val. time: 0.0 hours, 0.0 minutes, 0.533400584240349 seconds
Avg batch val. time: 0.022225024343347874 seconds
Avg sample val. time: 0.00035324542002672116 seconds
Epoch 94 Validation Summary: epoch: 94.000000 | loss: 2529.557062 | 
Epoch 95 Training Summary: epoch: 95.000000 | loss: 748.165767 | 
Epoch runtime: 0.0 hours, 0.0 minutes, 2.5313057899475098 seconds

Avg epoch train. time: 0.0 hours, 0.0 minutes, 2.5312768233449834 seconds
Avg batch train. time: 0.04602321496990879 seconds
Avg sample train. time: 0.0007246712921113608 seconds
Epoch 96 Training Summary: epoch: 96.000000 | loss: 748.724052 | 
Epoch runtime: 0.0 hours, 0.0 minutes, 2.5320627689361572 seconds

Avg epoch train. time: 0.0 hours, 0.0 minutes, 2.531285010278225 seconds
Avg batch train. time: 0.04602336382324045 seconds
Avg sample train. time: 0.0007246736359227669 seconds
Evaluating on validation set ...
Validation runtime: 0.0 hours, 0.0 minutes, 0.5190105438232422 seconds

Avg val. time: 0.0 hours, 0.0 minutes, 0.5331127834320069 seconds
Avg batch val. time: 0.022213032643000286 seconds
Avg sample val. time: 0.0003530548234649052 seconds
Epoch 96 Validation Summary: epoch: 96.000000 | loss: 2585.499669 | 
Epoch 97 Training Summary: epoch: 97.000000 | loss: 752.152090 | 
Epoch runtime: 0.0 hours, 0.0 minutes, 2.5316267013549805 seconds

Avg epoch train. time: 0.0 hours, 0.0 minutes, 2.531288532866645 seconds
Avg batch train. time: 0.046023427870302634 seconds
Avg sample train. time: 0.0007246746443935428 seconds
Epoch 98 Training Summary: epoch: 98.000000 | loss: 744.907117 | 
Epoch runtime: 0.0 hours, 0.0 minutes, 2.5299925804138184 seconds

Avg epoch train. time: 0.0 hours, 0.0 minutes, 2.5312753088620243 seconds
Avg batch train. time: 0.04602318743385499 seconds
Avg sample train. time: 0.0007246708585347909 seconds
Evaluating on validation set ...
Validation runtime: 0.0 hours, 0.0 minutes, 0.5206203460693359 seconds

Avg val. time: 0.0 hours, 0.0 minutes, 0.5328678336797976 seconds
Avg batch val. time: 0.0222028264033249 seconds
Avg sample val. time: 0.0003528926050859587 seconds
Epoch 98 Validation Summary: epoch: 98.000000 | loss: 2434.293354 | 
Epoch 99 Training Summary: epoch: 99.000000 | loss: 739.554466 | 
Epoch runtime: 0.0 hours, 0.0 minutes, 2.535297155380249 seconds

Avg epoch train. time: 0.0 hours, 0.0 minutes, 2.5313159335743296 seconds
Avg batch train. time: 0.04602392606498781 seconds
Avg sample train. time: 0.000724682488856092 seconds
Epoch 100 Training Summary: epoch: 100.000000 | loss: 714.838658 | 
Epoch runtime: 0.0 hours, 0.0 minutes, 2.530068874359131 seconds

Avg epoch train. time: 0.0 hours, 0.0 minutes, 2.531303462982178 seconds
Avg batch train. time: 0.046023699326948685 seconds
Avg sample train. time: 0.0007246789186894296 seconds
Evaluating on validation set ...
Validation runtime: 0.0 hours, 0.0 minutes, 0.5161569118499756 seconds

Avg val. time: 0.0 hours, 0.0 minutes, 0.5325464697984549 seconds
Avg batch val. time: 0.022189436241602287 seconds
Avg sample val. time: 0.00035267978132348004 seconds
Epoch 100 Validation Summary: epoch: 100.000000 | loss: 2683.336276 | 
Best loss was 1876.367387986341. Other metrics: OrderedDict([('epoch', 12), ('loss', 1876.367387986341)])
All Done!
Total runtime: 0.0 hours, 5.0 minutes, 41.124162435531616 seconds

